NtQueryVirtualMemory
	arg 0: 0xffffffffffffffff (type=HANDLE, size=0x8)
	arg 1: 0x000000000040e690 (type=void *, size=0x8)
	arg 2: 0x0 (type=int, size=0x4)
	arg 3: 0x00000000006ffbb0 (type=<struct>*, size=0x8)
	arg 4: 0x30 (type=unsigned int, size=0x8)
	arg 5: 0x00000000006ffb40 (type=unsigned int*, size=0x8)
    succeeded =>
	arg 3: <NYI> (type=<struct>*, size=0x8)
	arg 5: 0x00000000006ffb40 => 0x30 (type=unsigned int*, size=0x8)
	retval: 0x0 (type=NTSTATUS, size=0x4)
NtQueryVirtualMemory
	arg 0: 0xffffffffffffffff (type=HANDLE, size=0x8)
	arg 1: 0x000000000040e690 (type=void *, size=0x8)
	arg 2: 0x3 (type=int, size=0x4)
	arg 3: 0x00000000006ffb90 (type=<struct>*, size=0x8)
	arg 4: 0x20 (type=unsigned int, size=0x8)
	arg 5: 0x0000000000000000 (type=unsigned int*, size=0x8)
    succeeded =>
	arg 3: <NYI> (type=<struct>*, size=0x8)
	arg 5: 0x0000000000000000 (type=unsigned int*, size=0x8)
	retval: 0x0 (type=NTSTATUS, size=0x4)
NtQueryVirtualMemory
	arg 0: 0xffffffffffffffff (type=HANDLE, size=0x8)
	arg 1: 0x000000000040e690 (type=void *, size=0x8)
	arg 2: 0x2 (type=int, size=0x4)
	arg 3: 0x00000000006ffc28 (type=<struct>*, size=0x8)
	arg 4: 0x21a (type=unsigned int, size=0x8)
	arg 5: 0x0000000000000000 (type=unsigned int*, size=0x8)
    succeeded =>
	arg 3: <NYI> (type=<struct>*, size=0x8)
	arg 5: 0x0000000000000000 (type=unsigned int*, size=0x8)
	retval: 0x0 (type=NTSTATUS, size=0x4)
NtQueryInformationProcess
	arg 0: 0xffffffffffffffff (type=HANDLE, size=0x8)
	arg 1: 0x24 (type=int, size=0x4)
	arg 2: 0x00000000006ffbf8 (type=<struct>*, size=0x8)
	arg 3: 0x4 (type=unsigned int, size=0x4)
	arg 4: 0x0000000000000000 (type=unsigned int*, size=0x8)
    succeeded =>
	arg 2: <NYI> (type=<struct>*, size=0x8)
	arg 4: 0x0000000000000000 (type=unsigned int*, size=0x8)
	retval: 0x0 (type=NTSTATUS, size=0x4)
NtQueryInformationProcess
	arg 0: 0xffffffffffffffff (type=HANDLE, size=0x8)
	arg 1: 0x24 (type=int, size=0x4)
	arg 2: 0x00000000006ffbf8 (type=<struct>*, size=0x8)
	arg 3: 0x4 (type=unsigned int, size=0x4)
	arg 4: 0x0000000000000000 (type=unsigned int*, size=0x8)
    succeeded =>
	arg 2: <NYI> (type=<struct>*, size=0x8)
	arg 4: 0x0000000000000000 (type=unsigned int*, size=0x8)
	retval: 0x0 (type=NTSTATUS, size=0x4)
NtQueryInformationProcess
	arg 0: 0xffffffffffffffff (type=HANDLE, size=0x8)
	arg 1: 0x24 (type=int, size=0x4)
	arg 2: 0x00000000006ffd48 (type=<struct>*, size=0x8)
	arg 3: 0x4 (type=unsigned int, size=0x4)
	arg 4: 0x0000000000000000 (type=unsigned int*, size=0x8)
    succeeded =>
	arg 2: <NYI> (type=<struct>*, size=0x8)
	arg 4: 0x0000000000000000 (type=unsigned int*, size=0x8)
	retval: 0x0 (type=NTSTATUS, size=0x4)
NtQueryInformationProcess
	arg 0: 0xffffffffffffffff (type=HANDLE, size=0x8)
	arg 1: 0x24 (type=int, size=0x4)
	arg 2: 0x00000000006ffd48 (type=<struct>*, size=0x8)
	arg 3: 0x4 (type=unsigned int, size=0x4)
	arg 4: 0x0000000000000000 (type=unsigned int*, size=0x8)
    succeeded =>
	arg 2: <NYI> (type=<struct>*, size=0x8)
	arg 4: 0x0000000000000000 (type=unsigned int*, size=0x8)
	retval: 0x0 (type=NTSTATUS, size=0x4)
NtQueryInformationProcess
	arg 0: 0xffffffffffffffff (type=HANDLE, size=0x8)
	arg 1: 0x24 (type=int, size=0x4)
	arg 2: 0x00000000006ffd48 (type=<struct>*, size=0x8)
	arg 3: 0x4 (type=unsigned int, size=0x4)
	arg 4: 0x0000000000000000 (type=unsigned int*, size=0x8)
    succeeded =>
	arg 2: <NYI> (type=<struct>*, size=0x8)
	arg 4: 0x0000000000000000 (type=unsigned int*, size=0x8)
	retval: 0x0 (type=NTSTATUS, size=0x4)
NtQueryInformationProcess
	arg 0: 0xffffffffffffffff (type=HANDLE, size=0x8)
	arg 1: 0x24 (type=int, size=0x4)
	arg 2: 0x00000000006ffd48 (type=<struct>*, size=0x8)
	arg 3: 0x4 (type=unsigned int, size=0x4)
	arg 4: 0x0000000000000000 (type=unsigned int*, size=0x8)
    succeeded =>
	arg 2: <NYI> (type=<struct>*, size=0x8)
	arg 4: 0x0000000000000000 (type=unsigned int*, size=0x8)
	retval: 0x0 (type=NTSTATUS, size=0x4)
NtQueryInformationProcess
	arg 0: 0xffffffffffffffff (type=HANDLE, size=0x8)
	arg 1: 0x24 (type=int, size=0x4)
	arg 2: 0x00000000006ffd78 (type=<struct>*, size=0x8)
	arg 3: 0x4 (type=unsigned int, size=0x4)
	arg 4: 0x0000000000000000 (type=unsigned int*, size=0x8)
    succeeded =>
	arg 2: <NYI> (type=<struct>*, size=0x8)
	arg 4: 0x0000000000000000 (type=unsigned int*, size=0x8)
	retval: 0x0 (type=NTSTATUS, size=0x4)
NtQueryInformationProcess
	arg 0: 0xffffffffffffffff (type=HANDLE, size=0x8)
	arg 1: 0x24 (type=int, size=0x4)
	arg 2: 0x00000000006ffd78 (type=<struct>*, size=0x8)
	arg 3: 0x4 (type=unsigned int, size=0x4)
	arg 4: 0x0000000000000000 (type=unsigned int*, size=0x8)
    succeeded =>
	arg 2: <NYI> (type=<struct>*, size=0x8)
	arg 4: 0x0000000000000000 (type=unsigned int*, size=0x8)
	retval: 0x0 (type=NTSTATUS, size=0x4)
NtQueryInformationProcess
	arg 0: 0xffffffffffffffff (type=HANDLE, size=0x8)
	arg 1: 0x24 (type=int, size=0x4)
	arg 2: 0x00000000006ffd78 (type=<struct>*, size=0x8)
	arg 3: 0x4 (type=unsigned int, size=0x4)
	arg 4: 0x0000000000000000 (type=unsigned int*, size=0x8)
    succeeded =>
	arg 2: <NYI> (type=<struct>*, size=0x8)
	arg 4: 0x0000000000000000 (type=unsigned int*, size=0x8)
	retval: 0x0 (type=NTSTATUS, size=0x4)
NtQueryInformationProcess
	arg 0: 0xffffffffffffffff (type=HANDLE, size=0x8)
	arg 1: 0x24 (type=int, size=0x4)
	arg 2: 0x00000000006ffd78 (type=<struct>*, size=0x8)
	arg 3: 0x4 (type=unsigned int, size=0x4)
	arg 4: 0x0000000000000000 (type=unsigned int*, size=0x8)
    succeeded =>
	arg 2: <NYI> (type=<struct>*, size=0x8)
	arg 4: 0x0000000000000000 (type=unsigned int*, size=0x8)
	retval: 0x0 (type=NTSTATUS, size=0x4)
NtOpenProcessToken
	arg 0: 0xffffffffffffffff (type=HANDLE, size=0x8)
	arg 1: 0x8 (type=unsigned int, size=0x4)
	arg 2: 0x00000000006ffbb0 (type=HANDLE*, size=0x8)
    succeeded =>
	arg 2: 0x00000000006ffbb0 => 0xa8 (type=HANDLE*, size=0x8)
	retval: 0x0 (type=NTSTATUS, size=0x4)
NtQueryInformationToken
	arg 0: 0xa8 (type=HANDLE, size=0x8)
	arg 1: 0xc (type=int, size=0x4)
	arg 2: 0x00000000006ff4d0 (type=<struct>*, size=0x8)
	arg 3: 0x4 (type=unsigned int, size=0x4)
	arg 4: 0x00000000006ff4b0 (type=unsigned int*, size=0x8)
    succeeded =>
	arg 2: <NYI> (type=<struct>*, size=0x8)
	arg 4: 0x00000000006ff4b0 => 0x4 (type=unsigned int*, size=0x8)
	retval: 0x0 (type=NTSTATUS, size=0x4)
NtQueryInformationToken
	arg 0: 0xa8 (type=HANDLE, size=0x8)
	arg 1: 0x1d (type=int, size=0x4)
	arg 2: 0x00000000006ff518 (type=<struct>*, size=0x8)
	arg 3: 0x4 (type=unsigned int, size=0x4)
	arg 4: 0x00000000006ff4b0 (type=unsigned int*, size=0x8)
    succeeded =>
	arg 2: <NYI> (type=<struct>*, size=0x8)
	arg 4: 0x00000000006ff4b0 => 0x4 (type=unsigned int*, size=0x8)
	retval: 0x0 (type=NTSTATUS, size=0x4)
NtQueryInformationToken
	arg 0: 0xa8 (type=HANDLE, size=0x8)
	arg 1: 0x2a (type=int, size=0x4)
	arg 2: 0x00000000006ff4b4 (type=<struct>*, size=0x8)
	arg 3: 0x4 (type=unsigned int, size=0x4)
	arg 4: 0x00000000006ff4b0 (type=unsigned int*, size=0x8)
    succeeded =>
	arg 2: <NYI> (type=<struct>*, size=0x8)
	arg 4: 0x00000000006ff4b0 => 0x4 (type=unsigned int*, size=0x8)
	retval: 0x0 (type=NTSTATUS, size=0x4)
NtOpenDirectoryObject
	arg 0: 0x00000000006ff4d8 (type=HANDLE*, size=0x8)
	arg 1: 0xf (type=unsigned int, size=0x4)
	arg 2: len=0x30, root=0x0, name=58/60 "\Sessions\14\BaseNamedObjects", att=0x40, sd=0x0000000000000000, sqos=0x0000000000000000 (type=OBJECT_ATTRIBUTES*, size=0x8)
    succeeded =>
	arg 0: 0x00000000006ff4d8 => 0xb4 (type=HANDLE*, size=0x8)
	retval: 0x0 (type=NTSTATUS, size=0x4)
NtQueryInformationToken
	arg 0: 0xa8 (type=HANDLE, size=0x8)
	arg 1: 0x2c (type=int, size=0x4)
	arg 2: 0x00000000006ff7c0 (type=<struct>*, size=0x8)
	arg 3: 0x120 (type=unsigned int, size=0x4)
	arg 4: 0x00000000006ff4b0 (type=unsigned int*, size=0x8)
    succeeded =>
	arg 2: <NYI> (type=<struct>*, size=0x8)
	arg 4: 0x00000000006ff4b0 => 0x10 (type=unsigned int*, size=0x8)
	retval: 0x0 (type=NTSTATUS, size=0x4)
NtClose
	arg 0: 0xa8 (type=HANDLE, size=0x8)
    succeeded =>
	retval: 0x0 (type=NTSTATUS, size=0x4)
NtCreateMutant
	arg 0: 0x00000000006ffc08 (type=HANDLE*, size=0x8)
	arg 1: 0x1f0001 (type=unsigned int, size=0x4)
	arg 2: len=0x30, root=0xb4, name=66/68 "gcc-shmem-tdm2-mutex_global_shmem", att=0x80, sd=0x0000000000000000, sqos=0x0000000000000000 (type=OBJECT_ATTRIBUTES*, size=0x8)
	arg 3: 0x0 (type=bool, size=0x1)
    succeeded =>
	arg 0: 0x00000000006ffc08 => 0xa8 (type=HANDLE*, size=0x8)
	retval: 0x0 (type=NTSTATUS, size=0x4)
NtWaitForSingleObject
	arg 0: 0xa8 (type=HANDLE, size=0x8)
	arg 1: 0x0 (type=bool, size=0x1)
	arg 2: <null> (type=LARGE_INTEGER*, size=0x8)
    succeeded =>
	retval: 0x0 (type=NTSTATUS, size=0x4)
NtReleaseMutant
	arg 0: 0xa8 (type=HANDLE, size=0x8)
	arg 1: 0x0000000000000000 (type=unsigned int*, size=0x8)
    succeeded =>
	arg 1: 0x0000000000000000 (type=unsigned int*, size=0x8)
	retval: 0x0 (type=NTSTATUS, size=0x4)
NtSetInformationProcess
	arg 0: 0xffffffffffffffff (type=HANDLE, size=0x8)
	arg 1: 0x47 (type=int, size=0x4)
	arg 2: 0x00000000006ffca0 (type=<struct>*, size=0x8)
	arg 3: 0x4 (type=unsigned int, size=0x4)
    succeeded =>
	retval: 0x0 (type=NTSTATUS, size=0x4)
NtClose
	arg 0: 0xa8 (type=HANDLE, size=0x8)
    succeeded =>
	retval: 0x0 (type=NTSTATUS, size=0x4)
NtCreateMutant
	arg 0: 0x00000000006ffb58 (type=HANDLE*, size=0x8)
	arg 1: 0x1f0001 (type=unsigned int, size=0x4)
	arg 2: len=0x30, root=0xb4, name=70/72 "gcc-shmem-tdm2-global_lock_spinlock", att=0x80, sd=0x0000000000000000, sqos=0x0000000000000000 (type=OBJECT_ATTRIBUTES*, size=0x8)
	arg 3: 0x0 (type=bool, size=0x1)
    succeeded =>
	arg 0: 0x00000000006ffb58 => 0xa8 (type=HANDLE*, size=0x8)
	retval: 0x0 (type=NTSTATUS, size=0x4)
NtWaitForSingleObject
	arg 0: 0xa8 (type=HANDLE, size=0x8)
	arg 1: 0x0 (type=bool, size=0x1)
	arg 2: <null> (type=LARGE_INTEGER*, size=0x8)
    succeeded =>
	retval: 0x0 (type=NTSTATUS, size=0x4)
NtReleaseMutant
	arg 0: 0xa8 (type=HANDLE, size=0x8)
	arg 1: 0x0000000000000000 (type=unsigned int*, size=0x8)
    succeeded =>
	arg 1: 0x0000000000000000 (type=unsigned int*, size=0x8)
	retval: 0x0 (type=NTSTATUS, size=0x4)
NtClose
	arg 0: 0xa8 (type=HANDLE, size=0x8)
    succeeded =>
	retval: 0x0 (type=NTSTATUS, size=0x4)
NtCreateSemaphore
	arg 0: 0x00000000006ffcc8 (type=HANDLE*, size=0x8)
	arg 1: 0x1f0003 (type=unsigned int, size=0x4)
	arg 2: <null> (type=OBJECT_ATTRIBUTES*, size=0x8)
	arg 3: 0x1 (type=int, size=0x4)
	arg 4: 0x7fffffff (type=int, size=0x4)
    succeeded =>
	arg 0: 0x00000000006ffcc8 => 0xa8 (type=HANDLE*, size=0x8)
	retval: 0x0 (type=NTSTATUS, size=0x4)
NtQueryInformationProcess
	arg 0: 0xffffffffffffffff (type=HANDLE, size=0x8)
	arg 1: 0x24 (type=int, size=0x4)
	arg 2: 0x00000000006ffd78 (type=<struct>*, size=0x8)
	arg 3: 0x4 (type=unsigned int, size=0x4)
	arg 4: 0x0000000000000000 (type=unsigned int*, size=0x8)
    succeeded =>
	arg 2: <NYI> (type=<struct>*, size=0x8)
	arg 4: 0x0000000000000000 (type=unsigned int*, size=0x8)
	retval: 0x0 (type=NTSTATUS, size=0x4)
NtQueryInformationProcess
	arg 0: 0xffffffffffffffff (type=HANDLE, size=0x8)
	arg 1: 0x24 (type=int, size=0x4)
	arg 2: 0x00000000006ffd78 (type=<struct>*, size=0x8)
	arg 3: 0x4 (type=unsigned int, size=0x4)
	arg 4: 0x0000000000000000 (type=unsigned int*, size=0x8)
    succeeded =>
	arg 2: <NYI> (type=<struct>*, size=0x8)
	arg 4: 0x0000000000000000 (type=unsigned int*, size=0x8)
	retval: 0x0 (type=NTSTATUS, size=0x4)
NtQueryInformationProcess
	arg 0: 0xffffffffffffffff (type=HANDLE, size=0x8)
	arg 1: 0x24 (type=int, size=0x4)
	arg 2: 0x00000000006ffd78 (type=<struct>*, size=0x8)
	arg 3: 0x4 (type=unsigned int, size=0x4)
	arg 4: 0x0000000000000000 (type=unsigned int*, size=0x8)
    succeeded =>
	arg 2: <NYI> (type=<struct>*, size=0x8)
	arg 4: 0x0000000000000000 (type=unsigned int*, size=0x8)
	retval: 0x0 (type=NTSTATUS, size=0x4)
NtQueryInformationProcess
	arg 0: 0xffffffffffffffff (type=HANDLE, size=0x8)
	arg 1: 0x24 (type=int, size=0x4)
	arg 2: 0x00000000006ffd78 (type=<struct>*, size=0x8)
	arg 3: 0x4 (type=unsigned int, size=0x4)
	arg 4: 0x0000000000000000 (type=unsigned int*, size=0x8)
    succeeded =>
	arg 2: <NYI> (type=<struct>*, size=0x8)
	arg 4: 0x0000000000000000 (type=unsigned int*, size=0x8)
	retval: 0x0 (type=NTSTATUS, size=0x4)
NtCreateMutant
	arg 0: 0x00000000006ffac8 (type=HANDLE*, size=0x8)
	arg 1: 0x1f0001 (type=unsigned int, size=0x4)
	arg 2: len=0x30, root=0xb4, name=64/66 "gcc-shmem-tdm2-once_global_shmem", att=0x80, sd=0x0000000000000000, sqos=0x0000000000000000 (type=OBJECT_ATTRIBUTES*, size=0x8)
	arg 3: 0x0 (type=bool, size=0x1)
    succeeded =>
	arg 0: 0x00000000006ffac8 => 0xb0 (type=HANDLE*, size=0x8)
	retval: 0x0 (type=NTSTATUS, size=0x4)
NtWaitForSingleObject
	arg 0: 0xb0 (type=HANDLE, size=0x8)
	arg 1: 0x0 (type=bool, size=0x1)
	arg 2: <null> (type=LARGE_INTEGER*, size=0x8)
    succeeded =>
	retval: 0x0 (type=NTSTATUS, size=0x4)
NtReleaseMutant
	arg 0: 0xb0 (type=HANDLE, size=0x8)
	arg 1: 0x0000000000000000 (type=unsigned int*, size=0x8)
    succeeded =>
	arg 1: 0x0000000000000000 (type=unsigned int*, size=0x8)
	retval: 0x0 (type=NTSTATUS, size=0x4)
NtClose
	arg 0: 0xb0 (type=HANDLE, size=0x8)
    succeeded =>
	retval: 0x0 (type=NTSTATUS, size=0x4)
NtCreateMutant
	arg 0: 0x00000000006ffad8 (type=HANDLE*, size=0x8)
	arg 1: 0x1f0001 (type=unsigned int, size=0x4)
	arg 2: len=0x30, root=0xb4, name=58/60 "gcc-shmem-tdm2-once_obj_shmem", att=0x80, sd=0x0000000000000000, sqos=0x0000000000000000 (type=OBJECT_ATTRIBUTES*, size=0x8)
	arg 3: 0x0 (type=bool, size=0x1)
    succeeded =>
	arg 0: 0x00000000006ffad8 => 0xb0 (type=HANDLE*, size=0x8)
	retval: 0x0 (type=NTSTATUS, size=0x4)
NtWaitForSingleObject
	arg 0: 0xb0 (type=HANDLE, size=0x8)
	arg 1: 0x0 (type=bool, size=0x1)
	arg 2: <null> (type=LARGE_INTEGER*, size=0x8)
    succeeded =>
	retval: 0x0 (type=NTSTATUS, size=0x4)
NtReleaseMutant
	arg 0: 0xb0 (type=HANDLE, size=0x8)
	arg 1: 0x0000000000000000 (type=unsigned int*, size=0x8)
    succeeded =>
	arg 1: 0x0000000000000000 (type=unsigned int*, size=0x8)
	retval: 0x0 (type=NTSTATUS, size=0x4)
NtClose
	arg 0: 0xb0 (type=HANDLE, size=0x8)
    succeeded =>
	retval: 0x0 (type=NTSTATUS, size=0x4)
NtCreateSemaphore
	arg 0: 0x00000000006ffb18 (type=HANDLE*, size=0x8)
	arg 1: 0x1f0003 (type=unsigned int, size=0x4)
	arg 2: <null> (type=OBJECT_ATTRIBUTES*, size=0x8)
	arg 3: 0x1 (type=int, size=0x4)
	arg 4: 0x7fffffff (type=int, size=0x4)
    succeeded =>
	arg 0: 0x00000000006ffb18 => 0xb0 (type=HANDLE*, size=0x8)
	retval: 0x0 (type=NTSTATUS, size=0x4)
NtWaitForSingleObject
	arg 0: 0xb0 (type=HANDLE, size=0x8)
	arg 1: 0x0 (type=bool, size=0x1)
	arg 2: <null> (type=LARGE_INTEGER*, size=0x8)
    succeeded =>
	retval: 0x0 (type=NTSTATUS, size=0x4)
NtCreateMutant
	arg 0: 0x00000000006ffa98 (type=HANDLE*, size=0x8)
	arg 1: 0x1f0001 (type=unsigned int, size=0x4)
	arg 2: len=0x30, root=0xb4, name=76/78 "gcc-shmem-tdm2-_pthread_tls_once_shmem", att=0x80, sd=0x0000000000000000, sqos=0x0000000000000000 (type=OBJECT_ATTRIBUTES*, size=0x8)
	arg 3: 0x0 (type=bool, size=0x1)
    succeeded =>
	arg 0: 0x00000000006ffa98 => 0xac (type=HANDLE*, size=0x8)
	retval: 0x0 (type=NTSTATUS, size=0x4)
NtWaitForSingleObject
	arg 0: 0xac (type=HANDLE, size=0x8)
	arg 1: 0x0 (type=bool, size=0x1)
	arg 2: <null> (type=LARGE_INTEGER*, size=0x8)
    succeeded =>
	retval: 0x0 (type=NTSTATUS, size=0x4)
NtAllocateVirtualMemory
	arg 0: 0xffffffffffffffff (type=HANDLE, size=0x8)
	arg 1: 0x00000000006ff610 => 0x00000000000f7000 (type=void **, size=0x8)
	arg 2: 0x0 (type=unsigned int, size=0x4)
	arg 3: 0x00000000006ff6b8 => 0x1000 (type=unsigned int*, size=0x8)
	arg 4: MEM_COMMIT (type=named constant, value=0x1000, size=0x4)
	arg 5: PAGE_READWRITE (type=named constant, value=0x4, size=0x4)
    succeeded =>
	arg 1: 0x00000000006ff610 => 0x00000000000f7000 (type=void **, size=0x8)
	arg 3: 0x00000000006ff6b8 => 0x1000 (type=unsigned int*, size=0x8)
	retval: 0x0 (type=NTSTATUS, size=0x4)
NtReleaseMutant
	arg 0: 0xac (type=HANDLE, size=0x8)
	arg 1: 0x0000000000000000 (type=unsigned int*, size=0x8)
    succeeded =>
	arg 1: 0x0000000000000000 (type=unsigned int*, size=0x8)
	retval: 0x0 (type=NTSTATUS, size=0x4)
NtClose
	arg 0: 0xac (type=HANDLE, size=0x8)
    succeeded =>
	retval: 0x0 (type=NTSTATUS, size=0x4)
NtCreateSemaphore
	arg 0: 0x00000000006ffa58 (type=HANDLE*, size=0x8)
	arg 1: 0x1f0003 (type=unsigned int, size=0x4)
	arg 2: <null> (type=OBJECT_ATTRIBUTES*, size=0x8)
	arg 3: 0x1 (type=int, size=0x4)
	arg 4: 0x7fffffff (type=int, size=0x4)
    succeeded =>
	arg 0: 0x00000000006ffa58 => 0xac (type=HANDLE*, size=0x8)
	retval: 0x0 (type=NTSTATUS, size=0x4)
NtWaitForSingleObject
	arg 0: 0xac (type=HANDLE, size=0x8)
	arg 1: 0x0 (type=bool, size=0x1)
	arg 2: <null> (type=LARGE_INTEGER*, size=0x8)
    succeeded =>
	retval: 0x0 (type=NTSTATUS, size=0x4)
NtCreateMutant
	arg 0: 0x00000000006ffa18 (type=HANDLE*, size=0x8)
	arg 1: 0x1f0001 (type=unsigned int, size=0x4)
	arg 2: len=0x30, root=0xb4, name=66/68 "gcc-shmem-tdm2-_pthread_tls_shmem", att=0x80, sd=0x0000000000000000, sqos=0x0000000000000000 (type=OBJECT_ATTRIBUTES*, size=0x8)
	arg 3: 0x0 (type=bool, size=0x1)
    succeeded =>
	arg 0: 0x00000000006ffa18 => 0xb8 (type=HANDLE*, size=0x8)
	retval: 0x0 (type=NTSTATUS, size=0x4)
NtWaitForSingleObject
	arg 0: 0xb8 (type=HANDLE, size=0x8)
	arg 1: 0x0 (type=bool, size=0x1)
	arg 2: <null> (type=LARGE_INTEGER*, size=0x8)
    succeeded =>
	retval: 0x0 (type=NTSTATUS, size=0x4)
NtReleaseMutant
	arg 0: 0xb8 (type=HANDLE, size=0x8)
	arg 1: 0x0000000000000000 (type=unsigned int*, size=0x8)
    succeeded =>
	arg 1: 0x0000000000000000 (type=unsigned int*, size=0x8)
	retval: 0x0 (type=NTSTATUS, size=0x4)
NtClose
	arg 0: 0xb8 (type=HANDLE, size=0x8)
    succeeded =>
	retval: 0x0 (type=NTSTATUS, size=0x4)
NtReleaseSemaphore
	arg 0: 0xac (type=HANDLE, size=0x8)
	arg 1: 0x1 (type=int, size=0x4)
	arg 2: 0x0000000000000000 (type=int*, size=0x8)
    succeeded =>
	arg 2: 0x0000000000000000 (type=int*, size=0x8)
	retval: 0x0 (type=NTSTATUS, size=0x4)
NtWaitForSingleObject
	arg 0: 0xac (type=HANDLE, size=0x8)
	arg 1: 0x0 (type=bool, size=0x1)
	arg 2: 0x0 (type=LARGE_INTEGER*, size=0x8)
    succeeded =>
	retval: 0x0 (type=NTSTATUS, size=0x4)
NtClose
	arg 0: 0xac (type=HANDLE, size=0x8)
    succeeded =>
	retval: 0x0 (type=NTSTATUS, size=0x4)
NtCreateMutant
	arg 0: 0x00000000006ffa68 (type=HANDLE*, size=0x8)
	arg 1: 0x1f0001 (type=unsigned int, size=0x4)
	arg 2: len=0x30, root=0xb4, name=72/74 "gcc-shmem-tdm2-mtx_pthr_locked_shmem", att=0x80, sd=0x0000000000000000, sqos=0x0000000000000000 (type=OBJECT_ATTRIBUTES*, size=0x8)
	arg 3: 0x0 (type=bool, size=0x1)
    succeeded =>
	arg 0: 0x00000000006ffa68 => 0xac (type=HANDLE*, size=0x8)
	retval: 0x0 (type=NTSTATUS, size=0x4)
NtWaitForSingleObject
	arg 0: 0xac (type=HANDLE, size=0x8)
	arg 1: 0x0 (type=bool, size=0x1)
	arg 2: <null> (type=LARGE_INTEGER*, size=0x8)
    succeeded =>
	retval: 0x0 (type=NTSTATUS, size=0x4)
NtReleaseMutant
	arg 0: 0xac (type=HANDLE, size=0x8)
	arg 1: 0x0000000000000000 (type=unsigned int*, size=0x8)
    succeeded =>
	arg 1: 0x0000000000000000 (type=unsigned int*, size=0x8)
	retval: 0x0 (type=NTSTATUS, size=0x4)
NtClose
	arg 0: 0xac (type=HANDLE, size=0x8)
    succeeded =>
	retval: 0x0 (type=NTSTATUS, size=0x4)
NtCreateMutant
	arg 0: 0x00000000006ff998 (type=HANDLE*, size=0x8)
	arg 1: 0x1f0001 (type=unsigned int, size=0x4)
	arg 2: len=0x30, root=0xb4, name=80/82 "gcc-shmem-tdm2-mutex_global_static_shmem", att=0x80, sd=0x0000000000000000, sqos=0x0000000000000000 (type=OBJECT_ATTRIBUTES*, size=0x8)
	arg 3: 0x0 (type=bool, size=0x1)
    succeeded =>
	arg 0: 0x00000000006ff998 => 0xac (type=HANDLE*, size=0x8)
	retval: 0x0 (type=NTSTATUS, size=0x4)
NtWaitForSingleObject
	arg 0: 0xac (type=HANDLE, size=0x8)
	arg 1: 0x0 (type=bool, size=0x1)
	arg 2: <null> (type=LARGE_INTEGER*, size=0x8)
    succeeded =>
	retval: 0x0 (type=NTSTATUS, size=0x4)
NtReleaseMutant
	arg 0: 0xac (type=HANDLE, size=0x8)
	arg 1: 0x0000000000000000 (type=unsigned int*, size=0x8)
    succeeded =>
	arg 1: 0x0000000000000000 (type=unsigned int*, size=0x8)
	retval: 0x0 (type=NTSTATUS, size=0x4)
NtClose
	arg 0: 0xac (type=HANDLE, size=0x8)
    succeeded =>
	retval: 0x0 (type=NTSTATUS, size=0x4)
NtCreateMutant
	arg 0: 0x00000000006ff998 (type=HANDLE*, size=0x8)
	arg 1: 0x1f0001 (type=unsigned int, size=0x4)
	arg 2: len=0x30, root=0xb4, name=74/76 "gcc-shmem-tdm2-mxattr_recursive_shmem", att=0x80, sd=0x0000000000000000, sqos=0x0000000000000000 (type=OBJECT_ATTRIBUTES*, size=0x8)
	arg 3: 0x0 (type=bool, size=0x1)
    succeeded =>
	arg 0: 0x00000000006ff998 => 0xac (type=HANDLE*, size=0x8)
	retval: 0x0 (type=NTSTATUS, size=0x4)
NtWaitForSingleObject
	arg 0: 0xac (type=HANDLE, size=0x8)
	arg 1: 0x0 (type=bool, size=0x1)
	arg 2: <null> (type=LARGE_INTEGER*, size=0x8)
    succeeded =>
	retval: 0x0 (type=NTSTATUS, size=0x4)
NtReleaseMutant
	arg 0: 0xac (type=HANDLE, size=0x8)
	arg 1: 0x0000000000000000 (type=unsigned int*, size=0x8)
    succeeded =>
	arg 1: 0x0000000000000000 (type=unsigned int*, size=0x8)
	retval: 0x0 (type=NTSTATUS, size=0x4)
NtClose
	arg 0: 0xac (type=HANDLE, size=0x8)
    succeeded =>
	retval: 0x0 (type=NTSTATUS, size=0x4)
NtCreateSemaphore
	arg 0: 0x00000000006ff9e8 (type=HANDLE*, size=0x8)
	arg 1: 0x1f0003 (type=unsigned int, size=0x4)
	arg 2: <null> (type=OBJECT_ATTRIBUTES*, size=0x8)
	arg 3: 0x1 (type=int, size=0x4)
	arg 4: 0x7fffffff (type=int, size=0x4)
    succeeded =>
	arg 0: 0x00000000006ff9e8 => 0xac (type=HANDLE*, size=0x8)
	retval: 0x0 (type=NTSTATUS, size=0x4)
NtWaitForSingleObject
	arg 0: 0xac (type=HANDLE, size=0x8)
	arg 1: 0x0 (type=bool, size=0x1)
	arg 2: <null> (type=LARGE_INTEGER*, size=0x8)
    succeeded =>
	retval: 0x0 (type=NTSTATUS, size=0x4)
NtCreateMutant
	arg 0: 0x00000000006ffa78 (type=HANDLE*, size=0x8)
	arg 1: 0x1f0001 (type=unsigned int, size=0x4)
	arg 2: len=0x30, root=0xb4, name=60/62 "gcc-shmem-tdm2-pthr_root_shmem", att=0x80, sd=0x0000000000000000, sqos=0x0000000000000000 (type=OBJECT_ATTRIBUTES*, size=0x8)
	arg 3: 0x0 (type=bool, size=0x1)
    succeeded =>
	arg 0: 0x00000000006ffa78 => 0xb8 (type=HANDLE*, size=0x8)
	retval: 0x0 (type=NTSTATUS, size=0x4)
NtWaitForSingleObject
	arg 0: 0xb8 (type=HANDLE, size=0x8)
	arg 1: 0x0 (type=bool, size=0x1)
	arg 2: <null> (type=LARGE_INTEGER*, size=0x8)
    succeeded =>
	retval: 0x0 (type=NTSTATUS, size=0x4)
NtReleaseMutant
	arg 0: 0xb8 (type=HANDLE, size=0x8)
	arg 1: 0x0000000000000000 (type=unsigned int*, size=0x8)
    succeeded =>
	arg 1: 0x0000000000000000 (type=unsigned int*, size=0x8)
	retval: 0x0 (type=NTSTATUS, size=0x4)
NtClose
	arg 0: 0xb8 (type=HANDLE, size=0x8)
    succeeded =>
	retval: 0x0 (type=NTSTATUS, size=0x4)
NtCreateMutant
	arg 0: 0x00000000006ffa28 (type=HANDLE*, size=0x8)
	arg 1: 0x1f0001 (type=unsigned int, size=0x4)
	arg 2: len=0x30, root=0xb4, name=60/62 "gcc-shmem-tdm2-idListCnt_shmem", att=0x80, sd=0x0000000000000000, sqos=0x0000000000000000 (type=OBJECT_ATTRIBUTES*, size=0x8)
	arg 3: 0x0 (type=bool, size=0x1)
    succeeded =>
	arg 0: 0x00000000006ffa28 => 0xb8 (type=HANDLE*, size=0x8)
	retval: 0x0 (type=NTSTATUS, size=0x4)
NtWaitForSingleObject
	arg 0: 0xb8 (type=HANDLE, size=0x8)
	arg 1: 0x0 (type=bool, size=0x1)
	arg 2: <null> (type=LARGE_INTEGER*, size=0x8)
    succeeded =>
	retval: 0x0 (type=NTSTATUS, size=0x4)
NtReleaseMutant
	arg 0: 0xb8 (type=HANDLE, size=0x8)
	arg 1: 0x0000000000000000 (type=unsigned int*, size=0x8)
    succeeded =>
	arg 1: 0x0000000000000000 (type=unsigned int*, size=0x8)
	retval: 0x0 (type=NTSTATUS, size=0x4)
NtClose
	arg 0: 0xb8 (type=HANDLE, size=0x8)
    succeeded =>
	retval: 0x0 (type=NTSTATUS, size=0x4)
NtCreateMutant
	arg 0: 0x00000000006ffa28 (type=HANDLE*, size=0x8)
	arg 1: 0x1f0001 (type=unsigned int, size=0x4)
	arg 2: len=0x30, root=0xb4, name=60/62 "gcc-shmem-tdm2-idListMax_shmem", att=0x80, sd=0x0000000000000000, sqos=0x0000000000000000 (type=OBJECT_ATTRIBUTES*, size=0x8)
	arg 3: 0x0 (type=bool, size=0x1)
    succeeded =>
	arg 0: 0x00000000006ffa28 => 0xb8 (type=HANDLE*, size=0x8)
	retval: 0x0 (type=NTSTATUS, size=0x4)
NtWaitForSingleObject
	arg 0: 0xb8 (type=HANDLE, size=0x8)
	arg 1: 0x0 (type=bool, size=0x1)
	arg 2: <null> (type=LARGE_INTEGER*, size=0x8)
    succeeded =>
	retval: 0x0 (type=NTSTATUS, size=0x4)
NtReleaseMutant
	arg 0: 0xb8 (type=HANDLE, size=0x8)
	arg 1: 0x0000000000000000 (type=unsigned int*, size=0x8)
    succeeded =>
	arg 1: 0x0000000000000000 (type=unsigned int*, size=0x8)
	retval: 0x0 (type=NTSTATUS, size=0x4)
NtClose
	arg 0: 0xb8 (type=HANDLE, size=0x8)
    succeeded =>
	retval: 0x0 (type=NTSTATUS, size=0x4)
NtCreateMutant
	arg 0: 0x00000000006ffa28 (type=HANDLE*, size=0x8)
	arg 1: 0x1f0001 (type=unsigned int, size=0x4)
	arg 2: len=0x30, root=0xb4, name=54/56 "gcc-shmem-tdm2-idList_shmem", att=0x80, sd=0x0000000000000000, sqos=0x0000000000000000 (type=OBJECT_ATTRIBUTES*, size=0x8)
	arg 3: 0x0 (type=bool, size=0x1)
    succeeded =>
	arg 0: 0x00000000006ffa28 => 0xb8 (type=HANDLE*, size=0x8)
	retval: 0x0 (type=NTSTATUS, size=0x4)
NtWaitForSingleObject
	arg 0: 0xb8 (type=HANDLE, size=0x8)
	arg 1: 0x0 (type=bool, size=0x1)
	arg 2: <null> (type=LARGE_INTEGER*, size=0x8)
    succeeded =>
	retval: 0x0 (type=NTSTATUS, size=0x4)
NtReleaseMutant
	arg 0: 0xb8 (type=HANDLE, size=0x8)
	arg 1: 0x0000000000000000 (type=unsigned int*, size=0x8)
    succeeded =>
	arg 1: 0x0000000000000000 (type=unsigned int*, size=0x8)
	retval: 0x0 (type=NTSTATUS, size=0x4)
NtClose
	arg 0: 0xb8 (type=HANDLE, size=0x8)
    succeeded =>
	retval: 0x0 (type=NTSTATUS, size=0x4)
NtCreateMutant
	arg 0: 0x00000000006ffa18 (type=HANDLE*, size=0x8)
	arg 1: 0x1f0001 (type=unsigned int, size=0x4)
	arg 2: len=0x30, root=0xb4, name=66/68 "gcc-shmem-tdm2-idListNextId_shmem", att=0x80, sd=0x0000000000000000, sqos=0x0000000000000000 (type=OBJECT_ATTRIBUTES*, size=0x8)
	arg 3: 0x0 (type=bool, size=0x1)
    succeeded =>
	arg 0: 0x00000000006ffa18 => 0xb8 (type=HANDLE*, size=0x8)
	retval: 0x0 (type=NTSTATUS, size=0x4)
NtWaitForSingleObject
	arg 0: 0xb8 (type=HANDLE, size=0x8)
	arg 1: 0x0 (type=bool, size=0x1)
	arg 2: <null> (type=LARGE_INTEGER*, size=0x8)
    succeeded =>
	retval: 0x0 (type=NTSTATUS, size=0x4)
NtAllocateVirtualMemory
	arg 0: 0xffffffffffffffff (type=HANDLE, size=0x8)
	arg 1: 0x00000000006ff1d0 => 0x00000000000f8000 (type=void **, size=0x8)
	arg 2: 0x0 (type=unsigned int, size=0x4)
	arg 3: 0x00000000006ff278 => 0x1000 (type=unsigned int*, size=0x8)
	arg 4: MEM_COMMIT (type=named constant, value=0x1000, size=0x4)
	arg 5: PAGE_READWRITE (type=named constant, value=0x4, size=0x4)
    succeeded =>
	arg 1: 0x00000000006ff1d0 => 0x00000000000f8000 (type=void **, size=0x8)
	arg 3: 0x00000000006ff278 => 0x1000 (type=unsigned int*, size=0x8)
	retval: 0x0 (type=NTSTATUS, size=0x4)
NtAllocateVirtualMemory
	arg 0: 0xffffffffffffffff (type=HANDLE, size=0x8)
	arg 1: 0x00000000006ff1d0 => 0x00000000000f9000 (type=void **, size=0x8)
	arg 2: 0x0 (type=unsigned int, size=0x4)
	arg 3: 0x00000000006ff278 => 0x2000 (type=unsigned int*, size=0x8)
	arg 4: MEM_COMMIT (type=named constant, value=0x1000, size=0x4)
	arg 5: PAGE_READWRITE (type=named constant, value=0x4, size=0x4)
    succeeded =>
	arg 1: 0x00000000006ff1d0 => 0x00000000000f9000 (type=void **, size=0x8)
	arg 3: 0x00000000006ff278 => 0x2000 (type=unsigned int*, size=0x8)
	retval: 0x0 (type=NTSTATUS, size=0x4)
NtOpenKey
	arg 0: 0x00000000006ff480 (type=HANDLE*, size=0x8)
	arg 1: 0x9 (type=unsigned int, size=0x4)
	arg 2: len=0x30, root=0x0, name=132/134 "\Registry\Machine\SYSTEM\CurrentControlSet\Control\Session Manager", att=0x40, sd=0x0000000000000000, sqos=0x0000000000000000 (type=OBJECT_ATTRIBUTES*, size=0x8)
    succeeded =>
	arg 0: 0x00000000006ff480 => 0xbc (type=HANDLE*, size=0x8)
	retval: 0x0 (type=NTSTATUS, size=0x4)
NtQueryValueKey
	arg 0: 0xbc (type=HANDLE, size=0x8)
	arg 1: 32/34 "ResourcePolicies" (type=UNICODE_STRING*, size=0x8)
	arg 2: 0x2 (type=int, size=0x4)
	arg 3: 0x00000000006ff4c0 (type=<struct>*, size=0x8)
	arg 4: 0x18 (type=unsigned int, size=0x4)
	arg 5: 0x00000000006ff488 (type=unsigned int*, size=0x8)
    failed (error=0xc0000034) =>
	arg 3: <NYI> (type=<struct>*, size=0x8)
	arg 5: 0x00000000006ff488 => 0x1ca8 (type=unsigned int*, size=0x8)
	retval: 0xc0000034 (type=NTSTATUS, size=0x4)
NtClose
	arg 0: 0xbc (type=HANDLE, size=0x8)
    succeeded =>
	retval: 0x0 (type=NTSTATUS, size=0x4)
NtAllocateVirtualMemory
	arg 0: 0xffffffffffffffff (type=HANDLE, size=0x8)
	arg 1: 0x00000000006ff5d8 => 0x0000000000000000 (type=void **, size=0x8)
	arg 2: 0x0 (type=unsigned int, size=0x4)
	arg 3: 0x00000000006ff5e0 => 0x19080 (type=unsigned int*, size=0x8)
	arg 4: MEM_RESERVE (type=named constant, value=0x2000, size=0x4)
	arg 5: PAGE_READWRITE (type=named constant, value=0x4, size=0x4)
    succeeded =>
	arg 1: 0x00000000006ff5d8 => 0x00000000000a0000 (type=void **, size=0x8)
	arg 3: 0x00000000006ff5e0 => 0x1a000 (type=unsigned int*, size=0x8)
	retval: 0x0 (type=NTSTATUS, size=0x4)
NtAllocateVirtualMemory
	arg 0: 0xffffffffffffffff (type=HANDLE, size=0x8)
	arg 1: 0x00000000006ff5d8 => 0x00000000000a0000 (type=void **, size=0x8)
	arg 2: 0x0 (type=unsigned int, size=0x4)
	arg 3: 0x00000000006ff5e8 => 0x1000 (type=unsigned int*, size=0x8)
	arg 4: MEM_COMMIT (type=named constant, value=0x1000, size=0x4)
	arg 5: PAGE_READWRITE (type=named constant, value=0x4, size=0x4)
    succeeded =>
	arg 1: 0x00000000006ff5d8 => 0x00000000000a0000 (type=void **, size=0x8)
	arg 3: 0x00000000006ff5e8 => 0x1000 (type=unsigned int*, size=0x8)
	retval: 0x0 (type=NTSTATUS, size=0x4)
NtReleaseMutant
	arg 0: 0xb8 (type=HANDLE, size=0x8)
	arg 1: 0x0000000000000000 (type=unsigned int*, size=0x8)
    succeeded =>
	arg 1: 0x0000000000000000 (type=unsigned int*, size=0x8)
	retval: 0x0 (type=NTSTATUS, size=0x4)
NtClose
	arg 0: 0xb8 (type=HANDLE, size=0x8)
    succeeded =>
	retval: 0x0 (type=NTSTATUS, size=0x4)
NtReleaseSemaphore
	arg 0: 0xac (type=HANDLE, size=0x8)
	arg 1: 0x1 (type=int, size=0x4)
	arg 2: 0x0000000000000000 (type=int*, size=0x8)
    succeeded =>
	arg 2: 0x0000000000000000 (type=int*, size=0x8)
	retval: 0x0 (type=NTSTATUS, size=0x4)
NtCreateEvent
	arg 0: 0x00000000006ffb90 (type=HANDLE*, size=0x8)
	arg 1: 0x1f0003 (type=unsigned int, size=0x4)
	arg 2: <null> (type=OBJECT_ATTRIBUTES*, size=0x8)
	arg 3: 0x0 (type=int, size=0x4)
	arg 4: 0x0 (type=bool, size=0x1)
    succeeded =>
	arg 0: 0x00000000006ffb90 => 0xb8 (type=HANDLE*, size=0x8)
	retval: 0x0 (type=NTSTATUS, size=0x4)
NtDuplicateObject
	arg 0: 0xffffffffffffffff (type=HANDLE, size=0x8)
	arg 1: 0xfffffffffffffffe (type=HANDLE, size=0x8)
	arg 2: 0xffffffffffffffff (type=HANDLE, size=0x8)
	arg 3: 0x0000000000b91698 (type=HANDLE*, size=0x8)
	arg 4: 0x0 (type=unsigned int, size=0x4)
	arg 5: 0x0 (type=named constant, size=0x4)
	arg 6: DUPLICATE_SAME_ACCESS (type=named constant, value=0x2, size=0x4)
    succeeded =>
	arg 3: 0x0000000000b91698 => 0xbc (type=HANDLE*, size=0x8)
	retval: 0x0 (type=NTSTATUS, size=0x4)
NtQueryInformationThread
	arg 0: 0xbc (type=HANDLE, size=0x8)
	arg 1: 0x0 (type=int, size=0x4)
	arg 2: 0x00000000006ffbd0 (type=<struct>*, size=0x8)
	arg 3: 0x30 (type=unsigned int, size=0x4)
	arg 4: 0x0000000000000000 (type=unsigned int*, size=0x8)
    succeeded =>
	arg 2: <NYI> (type=<struct>*, size=0x8)
	arg 4: 0x0000000000000000 (type=unsigned int*, size=0x8)
	retval: 0x0 (type=NTSTATUS, size=0x4)
NtCreateSemaphore
	arg 0: 0x00000000006ff9c8 (type=HANDLE*, size=0x8)
	arg 1: 0x1f0003 (type=unsigned int, size=0x4)
	arg 2: <null> (type=OBJECT_ATTRIBUTES*, size=0x8)
	arg 3: 0x1 (type=int, size=0x4)
	arg 4: 0x7fffffff (type=int, size=0x4)
    succeeded =>
	arg 0: 0x00000000006ff9c8 => 0xc0 (type=HANDLE*, size=0x8)
	retval: 0x0 (type=NTSTATUS, size=0x4)
NtWaitForSingleObject
	arg 0: 0xc0 (type=HANDLE, size=0x8)
	arg 1: 0x0 (type=bool, size=0x1)
	arg 2: <null> (type=LARGE_INTEGER*, size=0x8)
    succeeded =>
	retval: 0x0 (type=NTSTATUS, size=0x4)
NtReleaseSemaphore
	arg 0: 0xc0 (type=HANDLE, size=0x8)
	arg 1: 0x1 (type=int, size=0x4)
	arg 2: 0x0000000000000000 (type=int*, size=0x8)
    succeeded =>
	arg 2: 0x0000000000000000 (type=int*, size=0x8)
	retval: 0x0 (type=NTSTATUS, size=0x4)
NtWaitForSingleObject
	arg 0: 0xc0 (type=HANDLE, size=0x8)
	arg 1: 0x0 (type=bool, size=0x1)
	arg 2: 0x0 (type=LARGE_INTEGER*, size=0x8)
    succeeded =>
	retval: 0x0 (type=NTSTATUS, size=0x4)
NtClose
	arg 0: 0xc0 (type=HANDLE, size=0x8)
    succeeded =>
	retval: 0x0 (type=NTSTATUS, size=0x4)
NtReleaseSemaphore
	arg 0: 0xb0 (type=HANDLE, size=0x8)
	arg 1: 0x1 (type=int, size=0x4)
	arg 2: 0x0000000000000000 (type=int*, size=0x8)
    succeeded =>
	arg 2: 0x0000000000000000 (type=int*, size=0x8)
	retval: 0x0 (type=NTSTATUS, size=0x4)
NtWaitForSingleObject
	arg 0: 0xb0 (type=HANDLE, size=0x8)
	arg 1: 0x0 (type=bool, size=0x1)
	arg 2: 0x0 (type=LARGE_INTEGER*, size=0x8)
    succeeded =>
	retval: 0x0 (type=NTSTATUS, size=0x4)
NtClose
	arg 0: 0xb0 (type=HANDLE, size=0x8)
    succeeded =>
	retval: 0x0 (type=NTSTATUS, size=0x4)
NtQueryInformationProcess
	arg 0: 0xffffffffffffffff (type=HANDLE, size=0x8)
	arg 1: 0x24 (type=int, size=0x4)
	arg 2: 0x00000000006ffd18 (type=<struct>*, size=0x8)
	arg 3: 0x4 (type=unsigned int, size=0x4)
	arg 4: 0x0000000000000000 (type=unsigned int*, size=0x8)
    succeeded =>
	arg 2: <NYI> (type=<struct>*, size=0x8)
	arg 4: 0x0000000000000000 (type=unsigned int*, size=0x8)
	retval: 0x0 (type=NTSTATUS, size=0x4)
NtQueryInformationProcess
	arg 0: 0xffffffffffffffff (type=HANDLE, size=0x8)
	arg 1: 0x24 (type=int, size=0x4)
	arg 2: 0x00000000006ffd18 (type=<struct>*, size=0x8)
	arg 3: 0x4 (type=unsigned int, size=0x4)
	arg 4: 0x0000000000000000 (type=unsigned int*, size=0x8)
    succeeded =>
	arg 2: <NYI> (type=<struct>*, size=0x8)
	arg 4: 0x0000000000000000 (type=unsigned int*, size=0x8)
	retval: 0x0 (type=NTSTATUS, size=0x4)
NtQueryInformationProcess
	arg 0: 0xffffffffffffffff (type=HANDLE, size=0x8)
	arg 1: 0x24 (type=int, size=0x4)
	arg 2: 0x00000000006ffd18 (type=<struct>*, size=0x8)
	arg 3: 0x4 (type=unsigned int, size=0x4)
	arg 4: 0x0000000000000000 (type=unsigned int*, size=0x8)
    succeeded =>
	arg 2: <NYI> (type=<struct>*, size=0x8)
	arg 4: 0x0000000000000000 (type=unsigned int*, size=0x8)
	retval: 0x0 (type=NTSTATUS, size=0x4)
NtQueryInformationProcess
	arg 0: 0xffffffffffffffff (type=HANDLE, size=0x8)
	arg 1: 0x24 (type=int, size=0x4)
	arg 2: 0x00000000006ffd18 (type=<struct>*, size=0x8)
	arg 3: 0x4 (type=unsigned int, size=0x4)
	arg 4: 0x0000000000000000 (type=unsigned int*, size=0x8)
    succeeded =>
	arg 2: <NYI> (type=<struct>*, size=0x8)
	arg 4: 0x0000000000000000 (type=unsigned int*, size=0x8)
	retval: 0x0 (type=NTSTATUS, size=0x4)
NtQueryInformationProcess
	arg 0: 0xffffffffffffffff (type=HANDLE, size=0x8)
	arg 1: 0x24 (type=int, size=0x4)
	arg 2: 0x00000000006ffdb8 (type=<struct>*, size=0x8)
	arg 3: 0x4 (type=unsigned int, size=0x4)
	arg 4: 0x0000000000000000 (type=unsigned int*, size=0x8)
    succeeded =>
	arg 2: <NYI> (type=<struct>*, size=0x8)
	arg 4: 0x0000000000000000 (type=unsigned int*, size=0x8)
	retval: 0x0 (type=NTSTATUS, size=0x4)
NtQueryInformationProcess
	arg 0: 0xffffffffffffffff (type=HANDLE, size=0x8)
	arg 1: 0x24 (type=int, size=0x4)
	arg 2: 0x00000000006ffdb8 (type=<struct>*, size=0x8)
	arg 3: 0x4 (type=unsigned int, size=0x4)
	arg 4: 0x0000000000000000 (type=unsigned int*, size=0x8)
    succeeded =>
	arg 2: <NYI> (type=<struct>*, size=0x8)
	arg 4: 0x0000000000000000 (type=unsigned int*, size=0x8)
	retval: 0x0 (type=NTSTATUS, size=0x4)
NtQueryInformationProcess
	arg 0: 0xffffffffffffffff (type=HANDLE, size=0x8)
	arg 1: 0x24 (type=int, size=0x4)
	arg 2: 0x00000000006ffdb8 (type=<struct>*, size=0x8)
	arg 3: 0x4 (type=unsigned int, size=0x4)
	arg 4: 0x0000000000000000 (type=unsigned int*, size=0x8)
    succeeded =>
	arg 2: <NYI> (type=<struct>*, size=0x8)
	arg 4: 0x0000000000000000 (type=unsigned int*, size=0x8)
	retval: 0x0 (type=NTSTATUS, size=0x4)
NtQueryInformationProcess
	arg 0: 0xffffffffffffffff (type=HANDLE, size=0x8)
	arg 1: 0x24 (type=int, size=0x4)
	arg 2: 0x00000000006ffdb8 (type=<struct>*, size=0x8)
	arg 3: 0x4 (type=unsigned int, size=0x4)
	arg 4: 0x0000000000000000 (type=unsigned int*, size=0x8)
    succeeded =>
	arg 2: <NYI> (type=<struct>*, size=0x8)
	arg 4: 0x0000000000000000 (type=unsigned int*, size=0x8)
	retval: 0x0 (type=NTSTATUS, size=0x4)
NtDeviceIoControlFile (details not all known)
	arg 0: 0x5c (type=HANDLE, size=0x8)
	arg 1: 0x0 (type=HANDLE, size=0x8)
	arg 2: <null> (type=<function>, size=0x8)
	arg 3: <null> (type=<unknown>, size=0x8)
	arg 4: 0x00000000006fdf70 (type=IO_STATUS_BLOCK*, size=0x8)
	arg 5: 0x500016 (type=unsigned int, size=0x4)
	arg 6: <NYI> (type=<unknown>*, size=0x8)
	arg 7: 0x30 (type=unsigned int, size=0x4)
	arg 8: <null> (type=<struct>*, size=0x8)
	arg 9: 0x0 (type=unsigned int, size=0x4)
    succeeded =>
	arg 4: status=0x0, info=0x0 (type=IO_STATUS_BLOCK*, size=0x8)
	arg 8: <null> (type=<struct>*, size=0x8)
	retval: 0x0 (type=NTSTATUS, size=0x4)
NtWriteFile
	arg 0: 0x54 (type=HANDLE, size=0x8)
	arg 1: 0x0 (type=HANDLE, size=0x8)
	arg 2: <null> (type=<function>, size=0x8)
	arg 3: 0x0000000000000000 (type=void, size=0x8)
	arg 4: 0x00000000006fe040 (type=IO_STATUS_BLOCK*, size=0x8)
	arg 5: 0x00000000006fe0f0 => 0x000000007117e063 (type=void*, size=0x8)
	arg 6: 0x1 (type=unsigned int, size=0x4)
	arg 7: <null> (type=LARGE_INTEGER*, size=0x8)
	arg 8: 0x0000000000000000 (type=unsigned int*, size=0x8)
    succeeded =>
	arg 4: status=0x0, info=0x1 (type=IO_STATUS_BLOCK*, size=0x8)
	retval: 0x0 (type=NTSTATUS, size=0x4)
NtDeviceIoControlFile (details not all known)
	arg 0: 0x5c (type=HANDLE, size=0x8)
	arg 1: 0x0 (type=HANDLE, size=0x8)
	arg 2: <null> (type=<function>, size=0x8)
	arg 3: <null> (type=<unknown>, size=0x8)
	arg 4: 0x00000000006fdfa0 (type=IO_STATUS_BLOCK*, size=0x8)
	arg 5: 0x500016 (type=unsigned int, size=0x4)
	arg 6: <NYI> (type=<unknown>*, size=0x8)
	arg 7: 0x30 (type=unsigned int, size=0x4)
	arg 8: <null> (type=<struct>*, size=0x8)
	arg 9: 0x0 (type=unsigned int, size=0x4)
    succeeded =>
	arg 4: status=0x0, info=0x0 (type=IO_STATUS_BLOCK*, size=0x8)
	arg 8: <null> (type=<struct>*, size=0x8)
	retval: 0x0 (type=NTSTATUS, size=0x4)
NtWriteFile
	arg 0: 0x54 (type=HANDLE, size=0x8)
	arg 1: 0x0 (type=HANDLE, size=0x8)
	arg 2: <null> (type=<function>, size=0x8)
	arg 3: 0x0000000000000000 (type=void, size=0x8)
	arg 4: 0x00000000006fe070 (type=IO_STATUS_BLOCK*, size=0x8)
	arg 5: 0x00000000006fe120 => 0x0000203a73692031 (type=void*, size=0x8)
	arg 6: 0x6 (type=unsigned int, size=0x4)
	arg 7: <null> (type=LARGE_INTEGER*, size=0x8)
	arg 8: 0x0000000000000000 (type=unsigned int*, size=0x8)
    succeeded =>
	arg 4: status=0x0, info=0x6 (type=IO_STATUS_BLOCK*, size=0x8)
	retval: 0x0 (type=NTSTATUS, size=0x4)
NtQueryInformationProcess
	arg 0: 0xffffffffffffffff (type=HANDLE, size=0x8)
	arg 1: 0x24 (type=int, size=0x4)
	arg 2: 0x00000000006ff6a8 (type=<struct>*, size=0x8)
	arg 3: 0x4 (type=unsigned int, size=0x4)
	arg 4: 0x0000000000000000 (type=unsigned int*, size=0x8)
    succeeded =>
	arg 2: <NYI> (type=<struct>*, size=0x8)
	arg 4: 0x0000000000000000 (type=unsigned int*, size=0x8)
	retval: 0x0 (type=NTSTATUS, size=0x4)
NtQueryInformationProcess
	arg 0: 0xffffffffffffffff (type=HANDLE, size=0x8)
	arg 1: 0x24 (type=int, size=0x4)
	arg 2: 0x00000000006ff6a8 (type=<struct>*, size=0x8)
	arg 3: 0x4 (type=unsigned int, size=0x4)
	arg 4: 0x0000000000000000 (type=unsigned int*, size=0x8)
    succeeded =>
	arg 2: <NYI> (type=<struct>*, size=0x8)
	arg 4: 0x0000000000000000 (type=unsigned int*, size=0x8)
	retval: 0x0 (type=NTSTATUS, size=0x4)
NtQueryInformationProcess
	arg 0: 0xffffffffffffffff (type=HANDLE, size=0x8)
	arg 1: 0x24 (type=int, size=0x4)
	arg 2: 0x00000000006ff6a8 (type=<struct>*, size=0x8)
	arg 3: 0x4 (type=unsigned int, size=0x4)
	arg 4: 0x0000000000000000 (type=unsigned int*, size=0x8)
    succeeded =>
	arg 2: <NYI> (type=<struct>*, size=0x8)
	arg 4: 0x0000000000000000 (type=unsigned int*, size=0x8)
	retval: 0x0 (type=NTSTATUS, size=0x4)
NtQueryInformationProcess
	arg 0: 0xffffffffffffffff (type=HANDLE, size=0x8)
	arg 1: 0x24 (type=int, size=0x4)
	arg 2: 0x00000000006ff6a8 (type=<struct>*, size=0x8)
	arg 3: 0x4 (type=unsigned int, size=0x4)
	arg 4: 0x0000000000000000 (type=unsigned int*, size=0x8)
    succeeded =>
	arg 2: <NYI> (type=<struct>*, size=0x8)
	arg 4: 0x0000000000000000 (type=unsigned int*, size=0x8)
	retval: 0x0 (type=NTSTATUS, size=0x4)
NtDeviceIoControlFile (details not all known)
	arg 0: 0x5c (type=HANDLE, size=0x8)
	arg 1: 0x0 (type=HANDLE, size=0x8)
	arg 2: <null> (type=<function>, size=0x8)
	arg 3: <null> (type=<unknown>, size=0x8)
	arg 4: 0x00000000006fddc0 (type=IO_STATUS_BLOCK*, size=0x8)
	arg 5: 0x500016 (type=unsigned int, size=0x4)
	arg 6: <NYI> (type=<unknown>*, size=0x8)
	arg 7: 0x30 (type=unsigned int, size=0x4)
	arg 8: <null> (type=<struct>*, size=0x8)
	arg 9: 0x0 (type=unsigned int, size=0x4)
    succeeded =>
	arg 4: status=0x0, info=0x0 (type=IO_STATUS_BLOCK*, size=0x8)
	arg 8: <null> (type=<struct>*, size=0x8)
	retval: 0x0 (type=NTSTATUS, size=0x4)
NtWriteFile
	arg 0: 0x54 (type=HANDLE, size=0x8)
	arg 1: 0x0 (type=HANDLE, size=0x8)
	arg 2: <null> (type=<function>, size=0x8)
	arg 3: 0x0000000000000000 (type=void, size=0x8)
	arg 4: 0x00000000006fde90 (type=IO_STATUS_BLOCK*, size=0x8)
	arg 5: 0x00000000006fdf40 => 0x0000000000000031 (type=void*, size=0x8)
	arg 6: 0x1 (type=unsigned int, size=0x4)
	arg 7: <null> (type=LARGE_INTEGER*, size=0x8)
	arg 8: 0x0000000000000000 (type=unsigned int*, size=0x8)
    succeeded =>
	arg 4: status=0x0, info=0x1 (type=IO_STATUS_BLOCK*, size=0x8)
	retval: 0x0 (type=NTSTATUS, size=0x4)
NtDeviceIoControlFile (details not all known)
	arg 0: 0x5c (type=HANDLE, size=0x8)
	arg 1: 0x0 (type=HANDLE, size=0x8)
	arg 2: <null> (type=<function>, size=0x8)
	arg 3: <null> (type=<unknown>, size=0x8)
	arg 4: 0x00000000006fdf20 (type=IO_STATUS_BLOCK*, size=0x8)
	arg 5: 0x500016 (type=unsigned int, size=0x4)
	arg 6: <NYI> (type=<unknown>*, size=0x8)
	arg 7: 0x30 (type=unsigned int, size=0x4)
	arg 8: <null> (type=<struct>*, size=0x8)
	arg 9: 0x0 (type=unsigned int, size=0x4)
    succeeded =>
	arg 4: status=0x0, info=0x0 (type=IO_STATUS_BLOCK*, size=0x8)
	arg 8: <null> (type=<struct>*, size=0x8)
	retval: 0x0 (type=NTSTATUS, size=0x4)
NtWriteFile
	arg 0: 0x54 (type=HANDLE, size=0x8)
	arg 1: 0x0 (type=HANDLE, size=0x8)
	arg 2: <null> (type=<function>, size=0x8)
	arg 3: 0x0000000000000000 (type=void, size=0x8)
	arg 4: 0x00000000006fdff0 (type=IO_STATUS_BLOCK*, size=0x8)
	arg 5: 0x00000000006fe0a0 => 0x00000000006fe12b (type=void*, size=0x8)
	arg 6: 0x1 (type=unsigned int, size=0x4)
	arg 7: <null> (type=LARGE_INTEGER*, size=0x8)
	arg 8: 0x0000000000000000 (type=unsigned int*, size=0x8)
    succeeded =>
	arg 4: status=0x0, info=0x1 (type=IO_STATUS_BLOCK*, size=0x8)
	retval: 0x0 (type=NTSTATUS, size=0x4)
NtDeviceIoControlFile (details not all known)
	arg 0: 0x5c (type=HANDLE, size=0x8)
	arg 1: 0x0 (type=HANDLE, size=0x8)
	arg 2: <null> (type=<function>, size=0x8)
	arg 3: <null> (type=<unknown>, size=0x8)
	arg 4: 0x00000000006fddc0 (type=IO_STATUS_BLOCK*, size=0x8)
	arg 5: 0x500016 (type=unsigned int, size=0x4)
	arg 6: <NYI> (type=<unknown>*, size=0x8)
	arg 7: 0x30 (type=unsigned int, size=0x4)
	arg 8: <null> (type=<struct>*, size=0x8)
	arg 9: 0x0 (type=unsigned int, size=0x4)
    succeeded =>
	arg 4: status=0x0, info=0x0 (type=IO_STATUS_BLOCK*, size=0x8)
	arg 8: <null> (type=<struct>*, size=0x8)
	retval: 0x0 (type=NTSTATUS, size=0x4)
NtWriteFile
	arg 0: 0x54 (type=HANDLE, size=0x8)
	arg 1: 0x0 (type=HANDLE, size=0x8)
	arg 2: <null> (type=<function>, size=0x8)
	arg 3: 0x0000000000000000 (type=void, size=0x8)
	arg 4: 0x00000000006fde90 (type=IO_STATUS_BLOCK*, size=0x8)
	arg 5: 0x00000000006fdf40 => 0x0000000000000031 (type=void*, size=0x8)
	arg 6: 0x1 (type=unsigned int, size=0x4)
	arg 7: <null> (type=LARGE_INTEGER*, size=0x8)
	arg 8: 0x0000000000000000 (type=unsigned int*, size=0x8)
    succeeded =>
	arg 4: status=0x0, info=0x1 (type=IO_STATUS_BLOCK*, size=0x8)
	retval: 0x0 (type=NTSTATUS, size=0x4)
NtDeviceIoControlFile (details not all known)
	arg 0: 0x5c (type=HANDLE, size=0x8)
	arg 1: 0x0 (type=HANDLE, size=0x8)
	arg 2: <null> (type=<function>, size=0x8)
	arg 3: <null> (type=<unknown>, size=0x8)
	arg 4: 0x00000000006fdf20 (type=IO_STATUS_BLOCK*, size=0x8)
	arg 5: 0x500016 (type=unsigned int, size=0x4)
	arg 6: <NYI> (type=<unknown>*, size=0x8)
	arg 7: 0x30 (type=unsigned int, size=0x4)
	arg 8: <null> (type=<struct>*, size=0x8)
	arg 9: 0x0 (type=unsigned int, size=0x4)
    succeeded =>
	arg 4: status=0x0, info=0x0 (type=IO_STATUS_BLOCK*, size=0x8)
	arg 8: <null> (type=<struct>*, size=0x8)
	retval: 0x0 (type=NTSTATUS, size=0x4)
NtWriteFile
	arg 0: 0x54 (type=HANDLE, size=0x8)
	arg 1: 0x0 (type=HANDLE, size=0x8)
	arg 2: <null> (type=<function>, size=0x8)
	arg 3: 0x0000000000000000 (type=void, size=0x8)
	arg 4: 0x00000000006fdff0 (type=IO_STATUS_BLOCK*, size=0x8)
	arg 5: 0x00000000006fe0a0 => 0x00000000006fe169 (type=void*, size=0x8)
	arg 6: 0x1 (type=unsigned int, size=0x4)
	arg 7: <null> (type=LARGE_INTEGER*, size=0x8)
	arg 8: 0x0000000000000000 (type=unsigned int*, size=0x8)
    succeeded =>
	arg 4: status=0x0, info=0x1 (type=IO_STATUS_BLOCK*, size=0x8)
	retval: 0x0 (type=NTSTATUS, size=0x4)
NtDeviceIoControlFile (details not all known)
	arg 0: 0x5c (type=HANDLE, size=0x8)
	arg 1: 0x0 (type=HANDLE, size=0x8)
	arg 2: <null> (type=<function>, size=0x8)
	arg 3: <null> (type=<unknown>, size=0x8)
	arg 4: 0x00000000006fdfc0 (type=IO_STATUS_BLOCK*, size=0x8)
	arg 5: 0x500016 (type=unsigned int, size=0x4)
	arg 6: <NYI> (type=<unknown>*, size=0x8)
	arg 7: 0x30 (type=unsigned int, size=0x4)
	arg 8: <null> (type=<struct>*, size=0x8)
	arg 9: 0x0 (type=unsigned int, size=0x4)
    succeeded =>
	arg 4: status=0x0, info=0x0 (type=IO_STATUS_BLOCK*, size=0x8)
	arg 8: <null> (type=<struct>*, size=0x8)
	retval: 0x0 (type=NTSTATUS, size=0x4)
NtWriteFile
	arg 0: 0x54 (type=HANDLE, size=0x8)
	arg 1: 0x0 (type=HANDLE, size=0x8)
	arg 2: <null> (type=<function>, size=0x8)
	arg 3: 0x0000000000000000 (type=void, size=0x8)
	arg 4: 0x00000000006fe090 (type=IO_STATUS_BLOCK*, size=0x8)
	arg 5: 0x00000000006fe140 => 0x0000000000540a0d (type=void*, size=0x8)
	arg 6: 0x2 (type=unsigned int, size=0x4)
	arg 7: <null> (type=LARGE_INTEGER*, size=0x8)
	arg 8: 0x0000000000000000 (type=unsigned int*, size=0x8)
    succeeded =>
	arg 4: status=0x0, info=0x2 (type=IO_STATUS_BLOCK*, size=0x8)
	retval: 0x0 (type=NTSTATUS, size=0x4)
NtDeviceIoControlFile (details not all known)
	arg 0: 0x5c (type=HANDLE, size=0x8)
	arg 1: 0x0 (type=HANDLE, size=0x8)
	arg 2: <null> (type=<function>, size=0x8)
	arg 3: <null> (type=<unknown>, size=0x8)
	arg 4: 0x00000000006fdf70 (type=IO_STATUS_BLOCK*, size=0x8)
	arg 5: 0x500016 (type=unsigned int, size=0x4)
	arg 6: <NYI> (type=<unknown>*, size=0x8)
	arg 7: 0x30 (type=unsigned int, size=0x4)
	arg 8: <null> (type=<struct>*, size=0x8)
	arg 9: 0x0 (type=unsigned int, size=0x4)
    succeeded =>
	arg 4: status=0x0, info=0x0 (type=IO_STATUS_BLOCK*, size=0x8)
	arg 8: <null> (type=<struct>*, size=0x8)
	retval: 0x0 (type=NTSTATUS, size=0x4)
NtWriteFile
	arg 0: 0x54 (type=HANDLE, size=0x8)
	arg 1: 0x0 (type=HANDLE, size=0x8)
	arg 2: <null> (type=<function>, size=0x8)
	arg 3: 0x0000000000000000 (type=void, size=0x8)
	arg 4: 0x00000000006fe040 (type=IO_STATUS_BLOCK*, size=0x8)
	arg 5: 0x00000000006fe0f0 => 0x0000000000000063 (type=void*, size=0x8)
	arg 6: 0x1 (type=unsigned int, size=0x4)
	arg 7: <null> (type=LARGE_INTEGER*, size=0x8)
	arg 8: 0x0000000000000000 (type=unsigned int*, size=0x8)
    succeeded =>
	arg 4: status=0x0, info=0x1 (type=IO_STATUS_BLOCK*, size=0x8)
	retval: 0x0 (type=NTSTATUS, size=0x4)
NtDeviceIoControlFile (details not all known)
	arg 0: 0x5c (type=HANDLE, size=0x8)
	arg 1: 0x0 (type=HANDLE, size=0x8)
	arg 2: <null> (type=<function>, size=0x8)
	arg 3: <null> (type=<unknown>, size=0x8)
	arg 4: 0x00000000006fdfa0 (type=IO_STATUS_BLOCK*, size=0x8)
	arg 5: 0x500016 (type=unsigned int, size=0x4)
	arg 6: <NYI> (type=<unknown>*, size=0x8)
	arg 7: 0x30 (type=unsigned int, size=0x4)
	arg 8: <null> (type=<struct>*, size=0x8)
	arg 9: 0x0 (type=unsigned int, size=0x4)
    succeeded =>
	arg 4: status=0x0, info=0x0 (type=IO_STATUS_BLOCK*, size=0x8)
	arg 8: <null> (type=<struct>*, size=0x8)
	retval: 0x0 (type=NTSTATUS, size=0x4)
NtWriteFile
	arg 0: 0x54 (type=HANDLE, size=0x8)
	arg 1: 0x0 (type=HANDLE, size=0x8)
	arg 2: <null> (type=<function>, size=0x8)
	arg 3: 0x0000000000000000 (type=void, size=0x8)
	arg 4: 0x00000000006fe070 (type=IO_STATUS_BLOCK*, size=0x8)
	arg 5: 0x00000000006fe120 => 0x0000203a73692032 (type=void*, size=0x8)
	arg 6: 0x6 (type=unsigned int, size=0x4)
	arg 7: <null> (type=LARGE_INTEGER*, size=0x8)
	arg 8: 0x0000000000000000 (type=unsigned int*, size=0x8)
    succeeded =>
	arg 4: status=0x0, info=0x6 (type=IO_STATUS_BLOCK*, size=0x8)
	retval: 0x0 (type=NTSTATUS, size=0x4)
NtDeviceIoControlFile (details not all known)
	arg 0: 0x5c (type=HANDLE, size=0x8)
	arg 1: 0x0 (type=HANDLE, size=0x8)
	arg 2: <null> (type=<function>, size=0x8)
	arg 3: <null> (type=<unknown>, size=0x8)
	arg 4: 0x00000000006fddc0 (type=IO_STATUS_BLOCK*, size=0x8)
	arg 5: 0x500016 (type=unsigned int, size=0x4)
	arg 6: <NYI> (type=<unknown>*, size=0x8)
	arg 7: 0x30 (type=unsigned int, size=0x4)
	arg 8: <null> (type=<struct>*, size=0x8)
	arg 9: 0x0 (type=unsigned int, size=0x4)
    succeeded =>
	arg 4: status=0x0, info=0x0 (type=IO_STATUS_BLOCK*, size=0x8)
	arg 8: <null> (type=<struct>*, size=0x8)
	retval: 0x0 (type=NTSTATUS, size=0x4)
NtWriteFile
	arg 0: 0x54 (type=HANDLE, size=0x8)
	arg 1: 0x0 (type=HANDLE, size=0x8)
	arg 2: <null> (type=<function>, size=0x8)
	arg 3: 0x0000000000000000 (type=void, size=0x8)
	arg 4: 0x00000000006fde90 (type=IO_STATUS_BLOCK*, size=0x8)
	arg 5: 0x00000000006fdf40 => 0x0000000000000032 (type=void*, size=0x8)
	arg 6: 0x1 (type=unsigned int, size=0x4)
	arg 7: <null> (type=LARGE_INTEGER*, size=0x8)
	arg 8: 0x0000000000000000 (type=unsigned int*, size=0x8)
    succeeded =>
	arg 4: status=0x0, info=0x1 (type=IO_STATUS_BLOCK*, size=0x8)
	retval: 0x0 (type=NTSTATUS, size=0x4)
NtDeviceIoControlFile (details not all known)
	arg 0: 0x5c (type=HANDLE, size=0x8)
	arg 1: 0x0 (type=HANDLE, size=0x8)
	arg 2: <null> (type=<function>, size=0x8)
	arg 3: <null> (type=<unknown>, size=0x8)
	arg 4: 0x00000000006fdf20 (type=IO_STATUS_BLOCK*, size=0x8)
	arg 5: 0x500016 (type=unsigned int, size=0x4)
	arg 6: <NYI> (type=<unknown>*, size=0x8)
	arg 7: 0x30 (type=unsigned int, size=0x4)
	arg 8: <null> (type=<struct>*, size=0x8)
	arg 9: 0x0 (type=unsigned int, size=0x4)
    succeeded =>
	arg 4: status=0x0, info=0x0 (type=IO_STATUS_BLOCK*, size=0x8)
	arg 8: <null> (type=<struct>*, size=0x8)
	retval: 0x0 (type=NTSTATUS, size=0x4)
NtWriteFile
	arg 0: 0x54 (type=HANDLE, size=0x8)
	arg 1: 0x0 (type=HANDLE, size=0x8)
	arg 2: <null> (type=<function>, size=0x8)
	arg 3: 0x0000000000000000 (type=void, size=0x8)
	arg 4: 0x00000000006fdff0 (type=IO_STATUS_BLOCK*, size=0x8)
	arg 5: 0x00000000006fe0a0 => 0x00000000006fe12b (type=void*, size=0x8)
	arg 6: 0x1 (type=unsigned int, size=0x4)
	arg 7: <null> (type=LARGE_INTEGER*, size=0x8)
	arg 8: 0x0000000000000000 (type=unsigned int*, size=0x8)
    succeeded =>
	arg 4: status=0x0, info=0x1 (type=IO_STATUS_BLOCK*, size=0x8)
	retval: 0x0 (type=NTSTATUS, size=0x4)
NtDeviceIoControlFile (details not all known)
	arg 0: 0x5c (type=HANDLE, size=0x8)
	arg 1: 0x0 (type=HANDLE, size=0x8)
	arg 2: <null> (type=<function>, size=0x8)
	arg 3: <null> (type=<unknown>, size=0x8)
	arg 4: 0x00000000006fddc0 (type=IO_STATUS_BLOCK*, size=0x8)
	arg 5: 0x500016 (type=unsigned int, size=0x4)
	arg 6: <NYI> (type=<unknown>*, size=0x8)
	arg 7: 0x30 (type=unsigned int, size=0x4)
	arg 8: <null> (type=<struct>*, size=0x8)
	arg 9: 0x0 (type=unsigned int, size=0x4)
    succeeded =>
	arg 4: status=0x0, info=0x0 (type=IO_STATUS_BLOCK*, size=0x8)
	arg 8: <null> (type=<struct>*, size=0x8)
	retval: 0x0 (type=NTSTATUS, size=0x4)
NtWriteFile
	arg 0: 0x54 (type=HANDLE, size=0x8)
	arg 1: 0x0 (type=HANDLE, size=0x8)
	arg 2: <null> (type=<function>, size=0x8)
	arg 3: 0x0000000000000000 (type=void, size=0x8)
	arg 4: 0x00000000006fde90 (type=IO_STATUS_BLOCK*, size=0x8)
	arg 5: 0x00000000006fdf40 => 0x0000000000000033 (type=void*, size=0x8)
	arg 6: 0x1 (type=unsigned int, size=0x4)
	arg 7: <null> (type=LARGE_INTEGER*, size=0x8)
	arg 8: 0x0000000000000000 (type=unsigned int*, size=0x8)
    succeeded =>
	arg 4: status=0x0, info=0x1 (type=IO_STATUS_BLOCK*, size=0x8)
	retval: 0x0 (type=NTSTATUS, size=0x4)
NtDeviceIoControlFile (details not all known)
	arg 0: 0x5c (type=HANDLE, size=0x8)
	arg 1: 0x0 (type=HANDLE, size=0x8)
	arg 2: <null> (type=<function>, size=0x8)
	arg 3: <null> (type=<unknown>, size=0x8)
	arg 4: 0x00000000006fdf20 (type=IO_STATUS_BLOCK*, size=0x8)
	arg 5: 0x500016 (type=unsigned int, size=0x4)
	arg 6: <NYI> (type=<unknown>*, size=0x8)
	arg 7: 0x30 (type=unsigned int, size=0x4)
	arg 8: <null> (type=<struct>*, size=0x8)
	arg 9: 0x0 (type=unsigned int, size=0x4)
    succeeded =>
	arg 4: status=0x0, info=0x0 (type=IO_STATUS_BLOCK*, size=0x8)
	arg 8: <null> (type=<struct>*, size=0x8)
	retval: 0x0 (type=NTSTATUS, size=0x4)
NtWriteFile
	arg 0: 0x54 (type=HANDLE, size=0x8)
	arg 1: 0x0 (type=HANDLE, size=0x8)
	arg 2: <null> (type=<function>, size=0x8)
	arg 3: 0x0000000000000000 (type=void, size=0x8)
	arg 4: 0x00000000006fdff0 (type=IO_STATUS_BLOCK*, size=0x8)
	arg 5: 0x00000000006fe0a0 => 0x00000000006fe169 (type=void*, size=0x8)
	arg 6: 0x1 (type=unsigned int, size=0x4)
	arg 7: <null> (type=LARGE_INTEGER*, size=0x8)
	arg 8: 0x0000000000000000 (type=unsigned int*, size=0x8)
    succeeded =>
	arg 4: status=0x0, info=0x1 (type=IO_STATUS_BLOCK*, size=0x8)
	retval: 0x0 (type=NTSTATUS, size=0x4)
NtDeviceIoControlFile (details not all known)
	arg 0: 0x5c (type=HANDLE, size=0x8)
	arg 1: 0x0 (type=HANDLE, size=0x8)
	arg 2: <null> (type=<function>, size=0x8)
	arg 3: <null> (type=<unknown>, size=0x8)
	arg 4: 0x00000000006fdfc0 (type=IO_STATUS_BLOCK*, size=0x8)
	arg 5: 0x500016 (type=unsigned int, size=0x4)
	arg 6: <NYI> (type=<unknown>*, size=0x8)
	arg 7: 0x30 (type=unsigned int, size=0x4)
	arg 8: <null> (type=<struct>*, size=0x8)
	arg 9: 0x0 (type=unsigned int, size=0x4)
    succeeded =>
	arg 4: status=0x0, info=0x0 (type=IO_STATUS_BLOCK*, size=0x8)
	arg 8: <null> (type=<struct>*, size=0x8)
	retval: 0x0 (type=NTSTATUS, size=0x4)
NtWriteFile
	arg 0: 0x54 (type=HANDLE, size=0x8)
	arg 1: 0x0 (type=HANDLE, size=0x8)
	arg 2: <null> (type=<function>, size=0x8)
	arg 3: 0x0000000000000000 (type=void, size=0x8)
	arg 4: 0x00000000006fe090 (type=IO_STATUS_BLOCK*, size=0x8)
	arg 5: 0x00000000006fe140 => 0x0000000000540a0d (type=void*, size=0x8)
	arg 6: 0x2 (type=unsigned int, size=0x4)
	arg 7: <null> (type=LARGE_INTEGER*, size=0x8)
	arg 8: 0x0000000000000000 (type=unsigned int*, size=0x8)
    succeeded =>
	arg 4: status=0x0, info=0x2 (type=IO_STATUS_BLOCK*, size=0x8)
	retval: 0x0 (type=NTSTATUS, size=0x4)
NtDeviceIoControlFile (details not all known)
	arg 0: 0x5c (type=HANDLE, size=0x8)
	arg 1: 0x0 (type=HANDLE, size=0x8)
	arg 2: <null> (type=<function>, size=0x8)
	arg 3: <null> (type=<unknown>, size=0x8)
	arg 4: 0x00000000006fdf70 (type=IO_STATUS_BLOCK*, size=0x8)
	arg 5: 0x500016 (type=unsigned int, size=0x4)
	arg 6: <NYI> (type=<unknown>*, size=0x8)
	arg 7: 0x30 (type=unsigned int, size=0x4)
	arg 8: <null> (type=<struct>*, size=0x8)
	arg 9: 0x0 (type=unsigned int, size=0x4)
    succeeded =>
	arg 4: status=0x0, info=0x0 (type=IO_STATUS_BLOCK*, size=0x8)
	arg 8: <null> (type=<struct>*, size=0x8)
	retval: 0x0 (type=NTSTATUS, size=0x4)
NtWriteFile
	arg 0: 0x54 (type=HANDLE, size=0x8)
	arg 1: 0x0 (type=HANDLE, size=0x8)
	arg 2: <null> (type=<function>, size=0x8)
	arg 3: 0x0000000000000000 (type=void, size=0x8)
	arg 4: 0x00000000006fe040 (type=IO_STATUS_BLOCK*, size=0x8)
	arg 5: 0x00000000006fe0f0 => 0x0000000000000041 (type=void*, size=0x8)
	arg 6: 0x1 (type=unsigned int, size=0x4)
	arg 7: <null> (type=LARGE_INTEGER*, size=0x8)
	arg 8: 0x0000000000000000 (type=unsigned int*, size=0x8)
    succeeded =>
	arg 4: status=0x0, info=0x1 (type=IO_STATUS_BLOCK*, size=0x8)
	retval: 0x0 (type=NTSTATUS, size=0x4)
NtDeviceIoControlFile (details not all known)
	arg 0: 0x5c (type=HANDLE, size=0x8)
	arg 1: 0x0 (type=HANDLE, size=0x8)
	arg 2: <null> (type=<function>, size=0x8)
	arg 3: <null> (type=<unknown>, size=0x8)
	arg 4: 0x00000000006fdfa0 (type=IO_STATUS_BLOCK*, size=0x8)
	arg 5: 0x500016 (type=unsigned int, size=0x4)
	arg 6: <NYI> (type=<unknown>*, size=0x8)
	arg 7: 0x30 (type=unsigned int, size=0x4)
	arg 8: <null> (type=<struct>*, size=0x8)
	arg 9: 0x0 (type=unsigned int, size=0x4)
    succeeded =>
	arg 4: status=0x0, info=0x0 (type=IO_STATUS_BLOCK*, size=0x8)
	arg 8: <null> (type=<struct>*, size=0x8)
	retval: 0x0 (type=NTSTATUS, size=0x4)
NtWriteFile
	arg 0: 0x54 (type=HANDLE, size=0x8)
	arg 1: 0x0 (type=HANDLE, size=0x8)
	arg 2: <null> (type=<function>, size=0x8)
	arg 3: 0x0000000000000000 (type=void, size=0x8)
	arg 4: 0x00000000006fe070 (type=IO_STATUS_BLOCK*, size=0x8)
	arg 5: 0x00000000006fe120 => 0x6464612072657466 (type=void*, size=0x8)
	arg 6: 0xe (type=unsigned int, size=0x4)
	arg 7: <null> (type=LARGE_INTEGER*, size=0x8)
	arg 8: 0x0000000000000000 (type=unsigned int*, size=0x8)
    succeeded =>
	arg 4: status=0x0, info=0xe (type=IO_STATUS_BLOCK*, size=0x8)
	retval: 0x0 (type=NTSTATUS, size=0x4)
NtDeviceIoControlFile (details not all known)
	arg 0: 0x5c (type=HANDLE, size=0x8)
	arg 1: 0x0 (type=HANDLE, size=0x8)
	arg 2: <null> (type=<function>, size=0x8)
	arg 3: <null> (type=<unknown>, size=0x8)
	arg 4: 0x00000000006fddc0 (type=IO_STATUS_BLOCK*, size=0x8)
	arg 5: 0x500016 (type=unsigned int, size=0x4)
	arg 6: <NYI> (type=<unknown>*, size=0x8)
	arg 7: 0x30 (type=unsigned int, size=0x4)
	arg 8: <null> (type=<struct>*, size=0x8)
	arg 9: 0x0 (type=unsigned int, size=0x4)
    succeeded =>
	arg 4: status=0x0, info=0x0 (type=IO_STATUS_BLOCK*, size=0x8)
	arg 8: <null> (type=<struct>*, size=0x8)
	retval: 0x0 (type=NTSTATUS, size=0x4)
NtWriteFile
	arg 0: 0x54 (type=HANDLE, size=0x8)
	arg 1: 0x0 (type=HANDLE, size=0x8)
	arg 2: <null> (type=<function>, size=0x8)
	arg 3: 0x0000000000000000 (type=void, size=0x8)
	arg 4: 0x00000000006fde90 (type=IO_STATUS_BLOCK*, size=0x8)
	arg 5: 0x00000000006fdf40 => 0x0000000000000033 (type=void*, size=0x8)
	arg 6: 0x1 (type=unsigned int, size=0x4)
	arg 7: <null> (type=LARGE_INTEGER*, size=0x8)
	arg 8: 0x0000000000000000 (type=unsigned int*, size=0x8)
    succeeded =>
	arg 4: status=0x0, info=0x1 (type=IO_STATUS_BLOCK*, size=0x8)
	retval: 0x0 (type=NTSTATUS, size=0x4)
NtDeviceIoControlFile (details not all known)
	arg 0: 0x5c (type=HANDLE, size=0x8)
	arg 1: 0x0 (type=HANDLE, size=0x8)
	arg 2: <null> (type=<function>, size=0x8)
	arg 3: <null> (type=<unknown>, size=0x8)
	arg 4: 0x00000000006fdf20 (type=IO_STATUS_BLOCK*, size=0x8)
	arg 5: 0x500016 (type=unsigned int, size=0x4)
	arg 6: <NYI> (type=<unknown>*, size=0x8)
	arg 7: 0x30 (type=unsigned int, size=0x4)
	arg 8: <null> (type=<struct>*, size=0x8)
	arg 9: 0x0 (type=unsigned int, size=0x4)
    succeeded =>
	arg 4: status=0x0, info=0x0 (type=IO_STATUS_BLOCK*, size=0x8)
	arg 8: <null> (type=<struct>*, size=0x8)
	retval: 0x0 (type=NTSTATUS, size=0x4)
NtWriteFile
	arg 0: 0x54 (type=HANDLE, size=0x8)
	arg 1: 0x0 (type=HANDLE, size=0x8)
	arg 2: <null> (type=<function>, size=0x8)
	arg 3: 0x0000000000000000 (type=void, size=0x8)
	arg 4: 0x00000000006fdff0 (type=IO_STATUS_BLOCK*, size=0x8)
	arg 5: 0x00000000006fe0a0 => 0x00000000006fe12b (type=void*, size=0x8)
	arg 6: 0x1 (type=unsigned int, size=0x4)
	arg 7: <null> (type=LARGE_INTEGER*, size=0x8)
	arg 8: 0x0000000000000000 (type=unsigned int*, size=0x8)
    succeeded =>
	arg 4: status=0x0, info=0x1 (type=IO_STATUS_BLOCK*, size=0x8)
	retval: 0x0 (type=NTSTATUS, size=0x4)
NtDeviceIoControlFile (details not all known)
	arg 0: 0x5c (type=HANDLE, size=0x8)
	arg 1: 0x0 (type=HANDLE, size=0x8)
	arg 2: <null> (type=<function>, size=0x8)
	arg 3: <null> (type=<unknown>, size=0x8)
	arg 4: 0x00000000006fddc0 (type=IO_STATUS_BLOCK*, size=0x8)
	arg 5: 0x500016 (type=unsigned int, size=0x4)
	arg 6: <NYI> (type=<unknown>*, size=0x8)
	arg 7: 0x30 (type=unsigned int, size=0x4)
	arg 8: <null> (type=<struct>*, size=0x8)
	arg 9: 0x0 (type=unsigned int, size=0x4)
    succeeded =>
	arg 4: status=0x0, info=0x0 (type=IO_STATUS_BLOCK*, size=0x8)
	arg 8: <null> (type=<struct>*, size=0x8)
	retval: 0x0 (type=NTSTATUS, size=0x4)
NtWriteFile
	arg 0: 0x54 (type=HANDLE, size=0x8)
	arg 1: 0x0 (type=HANDLE, size=0x8)
	arg 2: <null> (type=<function>, size=0x8)
	arg 3: 0x0000000000000000 (type=void, size=0x8)
	arg 4: 0x00000000006fde90 (type=IO_STATUS_BLOCK*, size=0x8)
	arg 5: 0x00000000006fdf40 => 0x0000000000000034 (type=void*, size=0x8)
	arg 6: 0x1 (type=unsigned int, size=0x4)
	arg 7: <null> (type=LARGE_INTEGER*, size=0x8)
	arg 8: 0x0000000000000000 (type=unsigned int*, size=0x8)
    succeeded =>
	arg 4: status=0x0, info=0x1 (type=IO_STATUS_BLOCK*, size=0x8)
	retval: 0x0 (type=NTSTATUS, size=0x4)
NtDeviceIoControlFile (details not all known)
	arg 0: 0x5c (type=HANDLE, size=0x8)
	arg 1: 0x0 (type=HANDLE, size=0x8)
	arg 2: <null> (type=<function>, size=0x8)
	arg 3: <null> (type=<unknown>, size=0x8)
	arg 4: 0x00000000006fdf20 (type=IO_STATUS_BLOCK*, size=0x8)
	arg 5: 0x500016 (type=unsigned int, size=0x4)
	arg 6: <NYI> (type=<unknown>*, size=0x8)
	arg 7: 0x30 (type=unsigned int, size=0x4)
	arg 8: <null> (type=<struct>*, size=0x8)
	arg 9: 0x0 (type=unsigned int, size=0x4)
    succeeded =>
	arg 4: status=0x0, info=0x0 (type=IO_STATUS_BLOCK*, size=0x8)
	arg 8: <null> (type=<struct>*, size=0x8)
	retval: 0x0 (type=NTSTATUS, size=0x4)
NtWriteFile
	arg 0: 0x54 (type=HANDLE, size=0x8)
	arg 1: 0x0 (type=HANDLE, size=0x8)
	arg 2: <null> (type=<function>, size=0x8)
	arg 3: 0x0000000000000000 (type=void, size=0x8)
	arg 4: 0x00000000006fdff0 (type=IO_STATUS_BLOCK*, size=0x8)
	arg 5: 0x00000000006fe0a0 => 0x00000000006fe169 (type=void*, size=0x8)
	arg 6: 0x1 (type=unsigned int, size=0x4)
	arg 7: <null> (type=LARGE_INTEGER*, size=0x8)
	arg 8: 0x0000000000000000 (type=unsigned int*, size=0x8)
    succeeded =>
	arg 4: status=0x0, info=0x1 (type=IO_STATUS_BLOCK*, size=0x8)
	retval: 0x0 (type=NTSTATUS, size=0x4)
NtDeviceIoControlFile (details not all known)
	arg 0: 0x5c (type=HANDLE, size=0x8)
	arg 1: 0x0 (type=HANDLE, size=0x8)
	arg 2: <null> (type=<function>, size=0x8)
	arg 3: <null> (type=<unknown>, size=0x8)
	arg 4: 0x00000000006fdfc0 (type=IO_STATUS_BLOCK*, size=0x8)
	arg 5: 0x500016 (type=unsigned int, size=0x4)
	arg 6: <NYI> (type=<unknown>*, size=0x8)
	arg 7: 0x30 (type=unsigned int, size=0x4)
	arg 8: <null> (type=<struct>*, size=0x8)
	arg 9: 0x0 (type=unsigned int, size=0x4)
    succeeded =>
	arg 4: status=0x0, info=0x0 (type=IO_STATUS_BLOCK*, size=0x8)
	arg 8: <null> (type=<struct>*, size=0x8)
	retval: 0x0 (type=NTSTATUS, size=0x4)
NtWriteFile
	arg 0: 0x54 (type=HANDLE, size=0x8)
	arg 1: 0x0 (type=HANDLE, size=0x8)
	arg 2: <null> (type=<function>, size=0x8)
	arg 3: 0x0000000000000000 (type=void, size=0x8)
	arg 4: 0x00000000006fe090 (type=IO_STATUS_BLOCK*, size=0x8)
	arg 5: 0x00000000006fe140 => 0x0000000000540a0d (type=void*, size=0x8)
	arg 6: 0x2 (type=unsigned int, size=0x4)
	arg 7: <null> (type=LARGE_INTEGER*, size=0x8)
	arg 8: 0x0000000000000000 (type=unsigned int*, size=0x8)
    succeeded =>
	arg 4: status=0x0, info=0x2 (type=IO_STATUS_BLOCK*, size=0x8)
	retval: 0x0 (type=NTSTATUS, size=0x4)
NtDeviceIoControlFile (details not all known)
	arg 0: 0x5c (type=HANDLE, size=0x8)
	arg 1: 0x0 (type=HANDLE, size=0x8)
	arg 2: <null> (type=<function>, size=0x8)
	arg 3: <null> (type=<unknown>, size=0x8)
	arg 4: 0x00000000006fdf70 (type=IO_STATUS_BLOCK*, size=0x8)
	arg 5: 0x500016 (type=unsigned int, size=0x4)
	arg 6: <NYI> (type=<unknown>*, size=0x8)
	arg 7: 0x30 (type=unsigned int, size=0x4)
	arg 8: <null> (type=<struct>*, size=0x8)
	arg 9: 0x0 (type=unsigned int, size=0x4)
    succeeded =>
	arg 4: status=0x0, info=0x0 (type=IO_STATUS_BLOCK*, size=0x8)
	arg 8: <null> (type=<struct>*, size=0x8)
	retval: 0x0 (type=NTSTATUS, size=0x4)
NtWriteFile
	arg 0: 0x54 (type=HANDLE, size=0x8)
	arg 1: 0x0 (type=HANDLE, size=0x8)
	arg 2: <null> (type=<function>, size=0x8)
	arg 3: 0x0000000000000000 (type=void, size=0x8)
	arg 4: 0x00000000006fe040 (type=IO_STATUS_BLOCK*, size=0x8)
	arg 5: 0x00000000006fe0f0 => 0x0000000000000041 (type=void*, size=0x8)
	arg 6: 0x1 (type=unsigned int, size=0x4)
	arg 7: <null> (type=LARGE_INTEGER*, size=0x8)
	arg 8: 0x0000000000000000 (type=unsigned int*, size=0x8)
    succeeded =>
	arg 4: status=0x0, info=0x1 (type=IO_STATUS_BLOCK*, size=0x8)
	retval: 0x0 (type=NTSTATUS, size=0x4)
NtDeviceIoControlFile (details not all known)
	arg 0: 0x5c (type=HANDLE, size=0x8)
	arg 1: 0x0 (type=HANDLE, size=0x8)
	arg 2: <null> (type=<function>, size=0x8)
	arg 3: <null> (type=<unknown>, size=0x8)
	arg 4: 0x00000000006fdfa0 (type=IO_STATUS_BLOCK*, size=0x8)
	arg 5: 0x500016 (type=unsigned int, size=0x4)
	arg 6: <NYI> (type=<unknown>*, size=0x8)
	arg 7: 0x30 (type=unsigned int, size=0x4)
	arg 8: <null> (type=<struct>*, size=0x8)
	arg 9: 0x0 (type=unsigned int, size=0x4)
    succeeded =>
	arg 4: status=0x0, info=0x0 (type=IO_STATUS_BLOCK*, size=0x8)
	arg 8: <null> (type=<struct>*, size=0x8)
	retval: 0x0 (type=NTSTATUS, size=0x4)
NtWriteFile
	arg 0: 0x54 (type=HANDLE, size=0x8)
	arg 1: 0x0 (type=HANDLE, size=0x8)
	arg 2: <null> (type=<function>, size=0x8)
	arg 3: 0x0000000000000000 (type=void, size=0x8)
	arg 4: 0x00000000006fe070 (type=IO_STATUS_BLOCK*, size=0x8)
	arg 5: 0x00000000006fe120 => 0x6c756d2072657466 (type=void*, size=0x8)
	arg 6: 0x14 (type=unsigned int, size=0x4)
	arg 7: <null> (type=LARGE_INTEGER*, size=0x8)
	arg 8: 0x0000000000000000 (type=unsigned int*, size=0x8)
    succeeded =>
	arg 4: status=0x0, info=0x14 (type=IO_STATUS_BLOCK*, size=0x8)
	retval: 0x0 (type=NTSTATUS, size=0x4)
NtDeviceIoControlFile (details not all known)
	arg 0: 0x5c (type=HANDLE, size=0x8)
	arg 1: 0x0 (type=HANDLE, size=0x8)
	arg 2: <null> (type=<function>, size=0x8)
	arg 3: <null> (type=<unknown>, size=0x8)
	arg 4: 0x00000000006fddb0 (type=IO_STATUS_BLOCK*, size=0x8)
	arg 5: 0x500016 (type=unsigned int, size=0x4)
	arg 6: <NYI> (type=<unknown>*, size=0x8)
	arg 7: 0x30 (type=unsigned int, size=0x4)
	arg 8: <null> (type=<struct>*, size=0x8)
	arg 9: 0x0 (type=unsigned int, size=0x4)
    succeeded =>
	arg 4: status=0x0, info=0x0 (type=IO_STATUS_BLOCK*, size=0x8)
	arg 8: <null> (type=<struct>*, size=0x8)
	retval: 0x0 (type=NTSTATUS, size=0x4)
NtWriteFile
	arg 0: 0x54 (type=HANDLE, size=0x8)
	arg 1: 0x0 (type=HANDLE, size=0x8)
	arg 2: <null> (type=<function>, size=0x8)
	arg 3: 0x0000000000000000 (type=void, size=0x8)
	arg 4: 0x00000000006fde80 (type=IO_STATUS_BLOCK*, size=0x8)
	arg 5: 0x00000000006fdf30 => 0x00000000006fdf2d (type=void*, size=0x8)
	arg 6: 0x1 (type=unsigned int, size=0x4)
	arg 7: <null> (type=LARGE_INTEGER*, size=0x8)
	arg 8: 0x0000000000000000 (type=unsigned int*, size=0x8)
    succeeded =>
	arg 4: status=0x0, info=0x1 (type=IO_STATUS_BLOCK*, size=0x8)
	retval: 0x0 (type=NTSTATUS, size=0x4)
NtDeviceIoControlFile (details not all known)
	arg 0: 0x5c (type=HANDLE, size=0x8)
	arg 1: 0x0 (type=HANDLE, size=0x8)
	arg 2: <null> (type=<function>, size=0x8)
	arg 3: <null> (type=<unknown>, size=0x8)
	arg 4: 0x00000000006fdde0 (type=IO_STATUS_BLOCK*, size=0x8)
	arg 5: 0x500016 (type=unsigned int, size=0x4)
	arg 6: <NYI> (type=<unknown>*, size=0x8)
	arg 7: 0x30 (type=unsigned int, size=0x4)
	arg 8: <null> (type=<struct>*, size=0x8)
	arg 9: 0x0 (type=unsigned int, size=0x4)
    succeeded =>
	arg 4: status=0x0, info=0x0 (type=IO_STATUS_BLOCK*, size=0x8)
	arg 8: <null> (type=<struct>*, size=0x8)
	retval: 0x0 (type=NTSTATUS, size=0x4)
NtWriteFile
	arg 0: 0x54 (type=HANDLE, size=0x8)
	arg 1: 0x0 (type=HANDLE, size=0x8)
	arg 2: <null> (type=<function>, size=0x8)
	arg 3: 0x0000000000000000 (type=void, size=0x8)
	arg 4: 0x00000000006fdeb0 (type=IO_STATUS_BLOCK*, size=0x8)
	arg 5: 0x00000000006fdf60 => 0x00000000006fdf31 (type=void*, size=0x8)
	arg 6: 0x1 (type=unsigned int, size=0x4)
	arg 7: <null> (type=LARGE_INTEGER*, size=0x8)
	arg 8: 0x0000000000000000 (type=unsigned int*, size=0x8)
    succeeded =>
	arg 4: status=0x0, info=0x1 (type=IO_STATUS_BLOCK*, size=0x8)
	retval: 0x0 (type=NTSTATUS, size=0x4)
NtDeviceIoControlFile (details not all known)
	arg 0: 0x5c (type=HANDLE, size=0x8)
	arg 1: 0x0 (type=HANDLE, size=0x8)
	arg 2: <null> (type=<function>, size=0x8)
	arg 3: <null> (type=<unknown>, size=0x8)
	arg 4: 0x00000000006fdf20 (type=IO_STATUS_BLOCK*, size=0x8)
	arg 5: 0x500016 (type=unsigned int, size=0x4)
	arg 6: <NYI> (type=<unknown>*, size=0x8)
	arg 7: 0x30 (type=unsigned int, size=0x4)
	arg 8: <null> (type=<struct>*, size=0x8)
	arg 9: 0x0 (type=unsigned int, size=0x4)
    succeeded =>
	arg 4: status=0x0, info=0x0 (type=IO_STATUS_BLOCK*, size=0x8)
	arg 8: <null> (type=<struct>*, size=0x8)
	retval: 0x0 (type=NTSTATUS, size=0x4)
NtWriteFile
	arg 0: 0x54 (type=HANDLE, size=0x8)
	arg 1: 0x0 (type=HANDLE, size=0x8)
	arg 2: <null> (type=<function>, size=0x8)
	arg 3: 0x0000000000000000 (type=void, size=0x8)
	arg 4: 0x00000000006fdff0 (type=IO_STATUS_BLOCK*, size=0x8)
	arg 5: 0x00000000006fe0a0 => 0x00000000006fe12b (type=void*, size=0x8)
	arg 6: 0x1 (type=unsigned int, size=0x4)
	arg 7: <null> (type=LARGE_INTEGER*, size=0x8)
	arg 8: 0x0000000000000000 (type=unsigned int*, size=0x8)
    succeeded =>
	arg 4: status=0x0, info=0x1 (type=IO_STATUS_BLOCK*, size=0x8)
	retval: 0x0 (type=NTSTATUS, size=0x4)
NtDeviceIoControlFile (details not all known)
	arg 0: 0x5c (type=HANDLE, size=0x8)
	arg 1: 0x0 (type=HANDLE, size=0x8)
	arg 2: <null> (type=<function>, size=0x8)
	arg 3: <null> (type=<unknown>, size=0x8)
	arg 4: 0x00000000006fddc0 (type=IO_STATUS_BLOCK*, size=0x8)
	arg 5: 0x500016 (type=unsigned int, size=0x4)
	arg 6: <NYI> (type=<unknown>*, size=0x8)
	arg 7: 0x30 (type=unsigned int, size=0x4)
	arg 8: <null> (type=<struct>*, size=0x8)
	arg 9: 0x0 (type=unsigned int, size=0x4)
    succeeded =>
	arg 4: status=0x0, info=0x0 (type=IO_STATUS_BLOCK*, size=0x8)
	arg 8: <null> (type=<struct>*, size=0x8)
	retval: 0x0 (type=NTSTATUS, size=0x4)
NtWriteFile
	arg 0: 0x54 (type=HANDLE, size=0x8)
	arg 1: 0x0 (type=HANDLE, size=0x8)
	arg 2: <null> (type=<function>, size=0x8)
	arg 3: 0x0000000000000000 (type=void, size=0x8)
	arg 4: 0x00000000006fde90 (type=IO_STATUS_BLOCK*, size=0x8)
	arg 5: 0x00000000006fdf40 => 0x0000000000000035 (type=void*, size=0x8)
	arg 6: 0x1 (type=unsigned int, size=0x4)
	arg 7: <null> (type=LARGE_INTEGER*, size=0x8)
	arg 8: 0x0000000000000000 (type=unsigned int*, size=0x8)
    succeeded =>
	arg 4: status=0x0, info=0x1 (type=IO_STATUS_BLOCK*, size=0x8)
	retval: 0x0 (type=NTSTATUS, size=0x4)
NtDeviceIoControlFile (details not all known)
	arg 0: 0x5c (type=HANDLE, size=0x8)
	arg 1: 0x0 (type=HANDLE, size=0x8)
	arg 2: <null> (type=<function>, size=0x8)
	arg 3: <null> (type=<unknown>, size=0x8)
	arg 4: 0x00000000006fdf20 (type=IO_STATUS_BLOCK*, size=0x8)
	arg 5: 0x500016 (type=unsigned int, size=0x4)
	arg 6: <NYI> (type=<unknown>*, size=0x8)
	arg 7: 0x30 (type=unsigned int, size=0x4)
	arg 8: <null> (type=<struct>*, size=0x8)
	arg 9: 0x0 (type=unsigned int, size=0x4)
    succeeded =>
	arg 4: status=0x0, info=0x0 (type=IO_STATUS_BLOCK*, size=0x8)
	arg 8: <null> (type=<struct>*, size=0x8)
	retval: 0x0 (type=NTSTATUS, size=0x4)
NtWriteFile
	arg 0: 0x54 (type=HANDLE, size=0x8)
	arg 1: 0x0 (type=HANDLE, size=0x8)
	arg 2: <null> (type=<function>, size=0x8)
	arg 3: 0x0000000000000000 (type=void, size=0x8)
	arg 4: 0x00000000006fdff0 (type=IO_STATUS_BLOCK*, size=0x8)
	arg 5: 0x00000000006fe0a0 => 0x00000000006fe169 (type=void*, size=0x8)
	arg 6: 0x1 (type=unsigned int, size=0x4)
	arg 7: <null> (type=LARGE_INTEGER*, size=0x8)
	arg 8: 0x0000000000000000 (type=unsigned int*, size=0x8)
    succeeded =>
	arg 4: status=0x0, info=0x1 (type=IO_STATUS_BLOCK*, size=0x8)
	retval: 0x0 (type=NTSTATUS, size=0x4)
NtDeviceIoControlFile (details not all known)
	arg 0: 0x5c (type=HANDLE, size=0x8)
	arg 1: 0x0 (type=HANDLE, size=0x8)
	arg 2: <null> (type=<function>, size=0x8)
	arg 3: <null> (type=<unknown>, size=0x8)
	arg 4: 0x00000000006fdfc0 (type=IO_STATUS_BLOCK*, size=0x8)
	arg 5: 0x500016 (type=unsigned int, size=0x4)
	arg 6: <NYI> (type=<unknown>*, size=0x8)
	arg 7: 0x30 (type=unsigned int, size=0x4)
	arg 8: <null> (type=<struct>*, size=0x8)
	arg 9: 0x0 (type=unsigned int, size=0x4)
    succeeded =>
	arg 4: status=0x0, info=0x0 (type=IO_STATUS_BLOCK*, size=0x8)
	arg 8: <null> (type=<struct>*, size=0x8)
	retval: 0x0 (type=NTSTATUS, size=0x4)
NtWriteFile
	arg 0: 0x54 (type=HANDLE, size=0x8)
	arg 1: 0x0 (type=HANDLE, size=0x8)
	arg 2: <null> (type=<function>, size=0x8)
	arg 3: 0x0000000000000000 (type=void, size=0x8)
	arg 4: 0x00000000006fe090 (type=IO_STATUS_BLOCK*, size=0x8)
	arg 5: 0x00000000006fe140 => 0x0000000000540a0d (type=void*, size=0x8)
	arg 6: 0x2 (type=unsigned int, size=0x4)
	arg 7: <null> (type=LARGE_INTEGER*, size=0x8)
	arg 8: 0x0000000000000000 (type=unsigned int*, size=0x8)
    succeeded =>
	arg 4: status=0x0, info=0x2 (type=IO_STATUS_BLOCK*, size=0x8)
	retval: 0x0 (type=NTSTATUS, size=0x4)
NtQueryInformationProcess
	arg 0: 0xffffffffffffffff (type=HANDLE, size=0x8)
	arg 1: 0x24 (type=int, size=0x4)
	arg 2: 0x00000000006ffdf8 (type=<struct>*, size=0x8)
	arg 3: 0x4 (type=unsigned int, size=0x4)
	arg 4: 0x0000000000000000 (type=unsigned int*, size=0x8)
    succeeded =>
	arg 2: <NYI> (type=<struct>*, size=0x8)
	arg 4: 0x0000000000000000 (type=unsigned int*, size=0x8)
	retval: 0x0 (type=NTSTATUS, size=0x4)
NtQueryInformationProcess
	arg 0: 0xffffffffffffffff (type=HANDLE, size=0x8)
	arg 1: 0x24 (type=int, size=0x4)
	arg 2: 0x00000000006ffdf8 (type=<struct>*, size=0x8)
	arg 3: 0x4 (type=unsigned int, size=0x4)
	arg 4: 0x0000000000000000 (type=unsigned int*, size=0x8)
    succeeded =>
	arg 2: <NYI> (type=<struct>*, size=0x8)
	arg 4: 0x0000000000000000 (type=unsigned int*, size=0x8)
	retval: 0x0 (type=NTSTATUS, size=0x4)
NtQueryInformationProcess
	arg 0: 0xffffffffffffffff (type=HANDLE, size=0x8)
	arg 1: 0x24 (type=int, size=0x4)
	arg 2: 0x00000000006ffdf8 (type=<struct>*, size=0x8)
	arg 3: 0x4 (type=unsigned int, size=0x4)
	arg 4: 0x0000000000000000 (type=unsigned int*, size=0x8)
    succeeded =>
	arg 2: <NYI> (type=<struct>*, size=0x8)
	arg 4: 0x0000000000000000 (type=unsigned int*, size=0x8)
	retval: 0x0 (type=NTSTATUS, size=0x4)
NtQueryInformationProcess
	arg 0: 0xffffffffffffffff (type=HANDLE, size=0x8)
	arg 1: 0x24 (type=int, size=0x4)
	arg 2: 0x00000000006ffdf8 (type=<struct>*, size=0x8)
	arg 3: 0x4 (type=unsigned int, size=0x4)
	arg 4: 0x0000000000000000 (type=unsigned int*, size=0x8)
    succeeded =>
	arg 2: <NYI> (type=<struct>*, size=0x8)
	arg 4: 0x0000000000000000 (type=unsigned int*, size=0x8)
	retval: 0x0 (type=NTSTATUS, size=0x4)
NtQueryInformationProcess
	arg 0: 0xffffffffffffffff (type=HANDLE, size=0x8)
	arg 1: 0x24 (type=int, size=0x4)
	arg 2: 0x00000000006ffdf8 (type=<struct>*, size=0x8)
	arg 3: 0x4 (type=unsigned int, size=0x4)
	arg 4: 0x0000000000000000 (type=unsigned int*, size=0x8)
    succeeded =>
	arg 2: <NYI> (type=<struct>*, size=0x8)
	arg 4: 0x0000000000000000 (type=unsigned int*, size=0x8)
	retval: 0x0 (type=NTSTATUS, size=0x4)
NtQueryInformationProcess
	arg 0: 0xffffffffffffffff (type=HANDLE, size=0x8)
	arg 1: 0x24 (type=int, size=0x4)
	arg 2: 0x00000000006ffdf8 (type=<struct>*, size=0x8)
	arg 3: 0x4 (type=unsigned int, size=0x4)
	arg 4: 0x0000000000000000 (type=unsigned int*, size=0x8)
    succeeded =>
	arg 2: <NYI> (type=<struct>*, size=0x8)
	arg 4: 0x0000000000000000 (type=unsigned int*, size=0x8)
	retval: 0x0 (type=NTSTATUS, size=0x4)
NtQueryInformationProcess
	arg 0: 0xffffffffffffffff (type=HANDLE, size=0x8)
	arg 1: 0x24 (type=int, size=0x4)
	arg 2: 0x00000000006ffdf8 (type=<struct>*, size=0x8)
	arg 3: 0x4 (type=unsigned int, size=0x4)
	arg 4: 0x0000000000000000 (type=unsigned int*, size=0x8)
    succeeded =>
	arg 2: <NYI> (type=<struct>*, size=0x8)
	arg 4: 0x0000000000000000 (type=unsigned int*, size=0x8)
	retval: 0x0 (type=NTSTATUS, size=0x4)
NtQueryInformationProcess
	arg 0: 0xffffffffffffffff (type=HANDLE, size=0x8)
	arg 1: 0x24 (type=int, size=0x4)
	arg 2: 0x00000000006ffdf8 (type=<struct>*, size=0x8)
	arg 3: 0x4 (type=unsigned int, size=0x4)
	arg 4: 0x0000000000000000 (type=unsigned int*, size=0x8)
    succeeded =>
	arg 2: <NYI> (type=<struct>*, size=0x8)
	arg 4: 0x0000000000000000 (type=unsigned int*, size=0x8)
	retval: 0x0 (type=NTSTATUS, size=0x4)
NtQueryInformationProcess
	arg 0: 0xffffffffffffffff (type=HANDLE, size=0x8)
	arg 1: 0x24 (type=int, size=0x4)
	arg 2: 0x00000000006ffdf8 (type=<struct>*, size=0x8)
	arg 3: 0x4 (type=unsigned int, size=0x4)
	arg 4: 0x0000000000000000 (type=unsigned int*, size=0x8)
    succeeded =>
	arg 2: <NYI> (type=<struct>*, size=0x8)
	arg 4: 0x0000000000000000 (type=unsigned int*, size=0x8)
	retval: 0x0 (type=NTSTATUS, size=0x4)
NtQueryInformationProcess
	arg 0: 0xffffffffffffffff (type=HANDLE, size=0x8)
	arg 1: 0x24 (type=int, size=0x4)
	arg 2: 0x00000000006ffdf8 (type=<struct>*, size=0x8)
	arg 3: 0x4 (type=unsigned int, size=0x4)
	arg 4: 0x0000000000000000 (type=unsigned int*, size=0x8)
    succeeded =>
	arg 2: <NYI> (type=<struct>*, size=0x8)
	arg 4: 0x0000000000000000 (type=unsigned int*, size=0x8)
	retval: 0x0 (type=NTSTATUS, size=0x4)
NtQueryInformationProcess
	arg 0: 0xffffffffffffffff (type=HANDLE, size=0x8)
	arg 1: 0x24 (type=int, size=0x4)
	arg 2: 0x00000000006ffdf8 (type=<struct>*, size=0x8)
	arg 3: 0x4 (type=unsigned int, size=0x4)
	arg 4: 0x0000000000000000 (type=unsigned int*, size=0x8)
    succeeded =>
	arg 2: <NYI> (type=<struct>*, size=0x8)
	arg 4: 0x0000000000000000 (type=unsigned int*, size=0x8)
	retval: 0x0 (type=NTSTATUS, size=0x4)
NtQueryInformationProcess
	arg 0: 0xffffffffffffffff (type=HANDLE, size=0x8)
	arg 1: 0x24 (type=int, size=0x4)
	arg 2: 0x00000000006ffdf8 (type=<struct>*, size=0x8)
	arg 3: 0x4 (type=unsigned int, size=0x4)
	arg 4: 0x0000000000000000 (type=unsigned int*, size=0x8)
    succeeded =>
	arg 2: <NYI> (type=<struct>*, size=0x8)
	arg 4: 0x0000000000000000 (type=unsigned int*, size=0x8)
	retval: 0x0 (type=NTSTATUS, size=0x4)
NtQueryInformationProcess
	arg 0: 0xffffffffffffffff (type=HANDLE, size=0x8)
	arg 1: 0x24 (type=int, size=0x4)
	arg 2: 0x00000000006ffdf8 (type=<struct>*, size=0x8)
	arg 3: 0x4 (type=unsigned int, size=0x4)
	arg 4: 0x0000000000000000 (type=unsigned int*, size=0x8)
    succeeded =>
	arg 2: <NYI> (type=<struct>*, size=0x8)
	arg 4: 0x0000000000000000 (type=unsigned int*, size=0x8)
	retval: 0x0 (type=NTSTATUS, size=0x4)
NtQueryInformationProcess
	arg 0: 0xffffffffffffffff (type=HANDLE, size=0x8)
	arg 1: 0x24 (type=int, size=0x4)
	arg 2: 0x00000000006ffdf8 (type=<struct>*, size=0x8)
	arg 3: 0x4 (type=unsigned int, size=0x4)
	arg 4: 0x0000000000000000 (type=unsigned int*, size=0x8)
    succeeded =>
	arg 2: <NYI> (type=<struct>*, size=0x8)
	arg 4: 0x0000000000000000 (type=unsigned int*, size=0x8)
	retval: 0x0 (type=NTSTATUS, size=0x4)
NtQueryInformationProcess
	arg 0: 0xffffffffffffffff (type=HANDLE, size=0x8)
	arg 1: 0x24 (type=int, size=0x4)
	arg 2: 0x00000000006ffdf8 (type=<struct>*, size=0x8)
	arg 3: 0x4 (type=unsigned int, size=0x4)
	arg 4: 0x0000000000000000 (type=unsigned int*, size=0x8)
    succeeded =>
	arg 2: <NYI> (type=<struct>*, size=0x8)
	arg 4: 0x0000000000000000 (type=unsigned int*, size=0x8)
	retval: 0x0 (type=NTSTATUS, size=0x4)
NtQueryInformationProcess
	arg 0: 0xffffffffffffffff (type=HANDLE, size=0x8)
	arg 1: 0x24 (type=int, size=0x4)
	arg 2: 0x00000000006ffdf8 (type=<struct>*, size=0x8)
	arg 3: 0x4 (type=unsigned int, size=0x4)
	arg 4: 0x0000000000000000 (type=unsigned int*, size=0x8)
    succeeded =>
	arg 2: <NYI> (type=<struct>*, size=0x8)
	arg 4: 0x0000000000000000 (type=unsigned int*, size=0x8)
	retval: 0x0 (type=NTSTATUS, size=0x4)
NtQueryInformationProcess
	arg 0: 0xffffffffffffffff (type=HANDLE, size=0x8)
	arg 1: 0x24 (type=int, size=0x4)
	arg 2: 0x00000000006ffdf8 (type=<struct>*, size=0x8)
	arg 3: 0x4 (type=unsigned int, size=0x4)
	arg 4: 0x0000000000000000 (type=unsigned int*, size=0x8)
    succeeded =>
	arg 2: <NYI> (type=<struct>*, size=0x8)
	arg 4: 0x0000000000000000 (type=unsigned int*, size=0x8)
	retval: 0x0 (type=NTSTATUS, size=0x4)
NtQueryInformationProcess
	arg 0: 0xffffffffffffffff (type=HANDLE, size=0x8)
	arg 1: 0x24 (type=int, size=0x4)
	arg 2: 0x00000000006ffdf8 (type=<struct>*, size=0x8)
	arg 3: 0x4 (type=unsigned int, size=0x4)
	arg 4: 0x0000000000000000 (type=unsigned int*, size=0x8)
    succeeded =>
	arg 2: <NYI> (type=<struct>*, size=0x8)
	arg 4: 0x0000000000000000 (type=unsigned int*, size=0x8)
	retval: 0x0 (type=NTSTATUS, size=0x4)
NtQueryInformationProcess
	arg 0: 0xffffffffffffffff (type=HANDLE, size=0x8)
	arg 1: 0x24 (type=int, size=0x4)
	arg 2: 0x00000000006ffdf8 (type=<struct>*, size=0x8)
	arg 3: 0x4 (type=unsigned int, size=0x4)
	arg 4: 0x0000000000000000 (type=unsigned int*, size=0x8)
    succeeded =>
	arg 2: <NYI> (type=<struct>*, size=0x8)
	arg 4: 0x0000000000000000 (type=unsigned int*, size=0x8)
	retval: 0x0 (type=NTSTATUS, size=0x4)
NtQueryInformationProcess
	arg 0: 0xffffffffffffffff (type=HANDLE, size=0x8)
	arg 1: 0x24 (type=int, size=0x4)
	arg 2: 0x00000000006ffdf8 (type=<struct>*, size=0x8)
	arg 3: 0x4 (type=unsigned int, size=0x4)
	arg 4: 0x0000000000000000 (type=unsigned int*, size=0x8)
    succeeded =>
	arg 2: <NYI> (type=<struct>*, size=0x8)
	arg 4: 0x0000000000000000 (type=unsigned int*, size=0x8)
	retval: 0x0 (type=NTSTATUS, size=0x4)
NtWaitForSingleObject
	arg 0: 0xa8 (type=HANDLE, size=0x8)
	arg 1: 0x0 (type=bool, size=0x1)
	arg 2: 0x0 (type=LARGE_INTEGER*, size=0x8)
    succeeded =>
	retval: 0x0 (type=NTSTATUS, size=0x4)
NtClose
	arg 0: 0xa8 (type=HANDLE, size=0x8)
    succeeded =>
	retval: 0x0 (type=NTSTATUS, size=0x4)
NtQueryInformationProcess
	arg 0: 0xffffffffffffffff (type=HANDLE, size=0x8)
	arg 1: 0x24 (type=int, size=0x4)
	arg 2: 0x00000000006ffdf8 (type=<struct>*, size=0x8)
	arg 3: 0x4 (type=unsigned int, size=0x4)
	arg 4: 0x0000000000000000 (type=unsigned int*, size=0x8)
    succeeded =>
	arg 2: <NYI> (type=<struct>*, size=0x8)
	arg 4: 0x0000000000000000 (type=unsigned int*, size=0x8)
	retval: 0x0 (type=NTSTATUS, size=0x4)
NtQueryInformationProcess
	arg 0: 0xffffffffffffffff (type=HANDLE, size=0x8)
	arg 1: 0x24 (type=int, size=0x4)
	arg 2: 0x00000000006ffdf8 (type=<struct>*, size=0x8)
	arg 3: 0x4 (type=unsigned int, size=0x4)
	arg 4: 0x0000000000000000 (type=unsigned int*, size=0x8)
    succeeded =>
	arg 2: <NYI> (type=<struct>*, size=0x8)
	arg 4: 0x0000000000000000 (type=unsigned int*, size=0x8)
	retval: 0x0 (type=NTSTATUS, size=0x4)
NtQueryInformationProcess
	arg 0: 0xffffffffffffffff (type=HANDLE, size=0x8)
	arg 1: 0x24 (type=int, size=0x4)
	arg 2: 0x00000000006ffdf8 (type=<struct>*, size=0x8)
	arg 3: 0x4 (type=unsigned int, size=0x4)
	arg 4: 0x0000000000000000 (type=unsigned int*, size=0x8)
    succeeded =>
	arg 2: <NYI> (type=<struct>*, size=0x8)
	arg 4: 0x0000000000000000 (type=unsigned int*, size=0x8)
	retval: 0x0 (type=NTSTATUS, size=0x4)
NtQueryInformationProcess
	arg 0: 0xffffffffffffffff (type=HANDLE, size=0x8)
	arg 1: 0x24 (type=int, size=0x4)
	arg 2: 0x00000000006ffdf8 (type=<struct>*, size=0x8)
	arg 3: 0x4 (type=unsigned int, size=0x4)
	arg 4: 0x0000000000000000 (type=unsigned int*, size=0x8)
    succeeded =>
	arg 2: <NYI> (type=<struct>*, size=0x8)
	arg 4: 0x0000000000000000 (type=unsigned int*, size=0x8)
	retval: 0x0 (type=NTSTATUS, size=0x4)
NtQueryInformationProcess
	arg 0: 0xffffffffffffffff (type=HANDLE, size=0x8)
	arg 1: 0x24 (type=int, size=0x4)
	arg 2: 0x00000000006ffdf8 (type=<struct>*, size=0x8)
	arg 3: 0x4 (type=unsigned int, size=0x4)
	arg 4: 0x0000000000000000 (type=unsigned int*, size=0x8)
    succeeded =>
	arg 2: <NYI> (type=<struct>*, size=0x8)
	arg 4: 0x0000000000000000 (type=unsigned int*, size=0x8)
	retval: 0x0 (type=NTSTATUS, size=0x4)
NtQueryInformationProcess
	arg 0: 0xffffffffffffffff (type=HANDLE, size=0x8)
	arg 1: 0x24 (type=int, size=0x4)
	arg 2: 0x00000000006ffdf8 (type=<struct>*, size=0x8)
	arg 3: 0x4 (type=unsigned int, size=0x4)
	arg 4: 0x0000000000000000 (type=unsigned int*, size=0x8)
    succeeded =>
	arg 2: <NYI> (type=<struct>*, size=0x8)
	arg 4: 0x0000000000000000 (type=unsigned int*, size=0x8)
	retval: 0x0 (type=NTSTATUS, size=0x4)
NtQueryInformationProcess
	arg 0: 0xffffffffffffffff (type=HANDLE, size=0x8)
	arg 1: 0x24 (type=int, size=0x4)
	arg 2: 0x00000000006ffdf8 (type=<struct>*, size=0x8)
	arg 3: 0x4 (type=unsigned int, size=0x4)
	arg 4: 0x0000000000000000 (type=unsigned int*, size=0x8)
    succeeded =>
	arg 2: <NYI> (type=<struct>*, size=0x8)
	arg 4: 0x0000000000000000 (type=unsigned int*, size=0x8)
	retval: 0x0 (type=NTSTATUS, size=0x4)
NtQueryInformationProcess
	arg 0: 0xffffffffffffffff (type=HANDLE, size=0x8)
	arg 1: 0x24 (type=int, size=0x4)
	arg 2: 0x00000000006ffdf8 (type=<struct>*, size=0x8)
	arg 3: 0x4 (type=unsigned int, size=0x4)
	arg 4: 0x0000000000000000 (type=unsigned int*, size=0x8)
    succeeded =>
	arg 2: <NYI> (type=<struct>*, size=0x8)
	arg 4: 0x0000000000000000 (type=unsigned int*, size=0x8)
	retval: 0x0 (type=NTSTATUS, size=0x4)
NtQueryInformationProcess
	arg 0: 0xffffffffffffffff (type=HANDLE, size=0x8)
	arg 1: 0x24 (type=int, size=0x4)
	arg 2: 0x00000000006ffdf8 (type=<struct>*, size=0x8)
	arg 3: 0x4 (type=unsigned int, size=0x4)
	arg 4: 0x0000000000000000 (type=unsigned int*, size=0x8)
    succeeded =>
	arg 2: <NYI> (type=<struct>*, size=0x8)
	arg 4: 0x0000000000000000 (type=unsigned int*, size=0x8)
	retval: 0x0 (type=NTSTATUS, size=0x4)
NtQueryInformationProcess
	arg 0: 0xffffffffffffffff (type=HANDLE, size=0x8)
	arg 1: 0x24 (type=int, size=0x4)
	arg 2: 0x00000000006ffdf8 (type=<struct>*, size=0x8)
	arg 3: 0x4 (type=unsigned int, size=0x4)
	arg 4: 0x0000000000000000 (type=unsigned int*, size=0x8)
    succeeded =>
	arg 2: <NYI> (type=<struct>*, size=0x8)
	arg 4: 0x0000000000000000 (type=unsigned int*, size=0x8)
	retval: 0x0 (type=NTSTATUS, size=0x4)
NtQueryInformationProcess
	arg 0: 0xffffffffffffffff (type=HANDLE, size=0x8)
	arg 1: 0x24 (type=int, size=0x4)
	arg 2: 0x00000000006ffdf8 (type=<struct>*, size=0x8)
	arg 3: 0x4 (type=unsigned int, size=0x4)
	arg 4: 0x0000000000000000 (type=unsigned int*, size=0x8)
    succeeded =>
	arg 2: <NYI> (type=<struct>*, size=0x8)
	arg 4: 0x0000000000000000 (type=unsigned int*, size=0x8)
	retval: 0x0 (type=NTSTATUS, size=0x4)
NtQueryInformationProcess
	arg 0: 0xffffffffffffffff (type=HANDLE, size=0x8)
	arg 1: 0x24 (type=int, size=0x4)
	arg 2: 0x00000000006ffdf8 (type=<struct>*, size=0x8)
	arg 3: 0x4 (type=unsigned int, size=0x4)
	arg 4: 0x0000000000000000 (type=unsigned int*, size=0x8)
    succeeded =>
	arg 2: <NYI> (type=<struct>*, size=0x8)
	arg 4: 0x0000000000000000 (type=unsigned int*, size=0x8)
	retval: 0x0 (type=NTSTATUS, size=0x4)
NtQueryInformationProcess
	arg 0: 0xffffffffffffffff (type=HANDLE, size=0x8)
	arg 1: 0x24 (type=int, size=0x4)
	arg 2: 0x00000000006ffdf8 (type=<struct>*, size=0x8)
	arg 3: 0x4 (type=unsigned int, size=0x4)
	arg 4: 0x0000000000000000 (type=unsigned int*, size=0x8)
    succeeded =>
	arg 2: <NYI> (type=<struct>*, size=0x8)
	arg 4: 0x0000000000000000 (type=unsigned int*, size=0x8)
	retval: 0x0 (type=NTSTATUS, size=0x4)
NtQueryInformationProcess
	arg 0: 0xffffffffffffffff (type=HANDLE, size=0x8)
	arg 1: 0x24 (type=int, size=0x4)
	arg 2: 0x00000000006ffdf8 (type=<struct>*, size=0x8)
	arg 3: 0x4 (type=unsigned int, size=0x4)
	arg 4: 0x0000000000000000 (type=unsigned int*, size=0x8)
    succeeded =>
	arg 2: <NYI> (type=<struct>*, size=0x8)
	arg 4: 0x0000000000000000 (type=unsigned int*, size=0x8)
	retval: 0x0 (type=NTSTATUS, size=0x4)
NtQueryInformationProcess
	arg 0: 0xffffffffffffffff (type=HANDLE, size=0x8)
	arg 1: 0x24 (type=int, size=0x4)
	arg 2: 0x00000000006ffdf8 (type=<struct>*, size=0x8)
	arg 3: 0x4 (type=unsigned int, size=0x4)
	arg 4: 0x0000000000000000 (type=unsigned int*, size=0x8)
    succeeded =>
	arg 2: <NYI> (type=<struct>*, size=0x8)
	arg 4: 0x0000000000000000 (type=unsigned int*, size=0x8)
	retval: 0x0 (type=NTSTATUS, size=0x4)
NtQueryInformationProcess
	arg 0: 0xffffffffffffffff (type=HANDLE, size=0x8)
	arg 1: 0x24 (type=int, size=0x4)
	arg 2: 0x00000000006ffd58 (type=<struct>*, size=0x8)
	arg 3: 0x4 (type=unsigned int, size=0x4)
	arg 4: 0x0000000000000000 (type=unsigned int*, size=0x8)
    succeeded =>
	arg 2: <NYI> (type=<struct>*, size=0x8)
	arg 4: 0x0000000000000000 (type=unsigned int*, size=0x8)
	retval: 0x0 (type=NTSTATUS, size=0x4)
NtQueryInformationProcess
	arg 0: 0xffffffffffffffff (type=HANDLE, size=0x8)
	arg 1: 0x24 (type=int, size=0x4)
	arg 2: 0x00000000006ffdf8 (type=<struct>*, size=0x8)
	arg 3: 0x4 (type=unsigned int, size=0x4)
	arg 4: 0x0000000000000000 (type=unsigned int*, size=0x8)
    succeeded =>
	arg 2: <NYI> (type=<struct>*, size=0x8)
	arg 4: 0x0000000000000000 (type=unsigned int*, size=0x8)
	retval: 0x0 (type=NTSTATUS, size=0x4)
NtQueryInformationProcess
	arg 0: 0xffffffffffffffff (type=HANDLE, size=0x8)
	arg 1: 0x24 (type=int, size=0x4)
	arg 2: 0x00000000006ffdf8 (type=<struct>*, size=0x8)
	arg 3: 0x4 (type=unsigned int, size=0x4)
	arg 4: 0x0000000000000000 (type=unsigned int*, size=0x8)
    succeeded =>
	arg 2: <NYI> (type=<struct>*, size=0x8)
	arg 4: 0x0000000000000000 (type=unsigned int*, size=0x8)
	retval: 0x0 (type=NTSTATUS, size=0x4)
NtTerminateProcess
	arg 0: 0x0 (type=HANDLE, size=0x8)
	arg 1: 0x0 (type=NTSTATUS, size=0x4)
    succeeded =>
	retval: 0x0 (type=NTSTATUS, size=0x4)
NtClose
	arg 0: 0x48 (type=HANDLE, size=0x8)
    succeeded =>
	retval: 0x0 (type=NTSTATUS, size=0x4)
NtClose
	arg 0: 0x4c (type=HANDLE, size=0x8)
    succeeded =>
	retval: 0x0 (type=NTSTATUS, size=0x4)
NtTerminateProcess
	arg 0: 0xffffffffffffffff (type=HANDLE, size=0x8)
	arg 1: 0x0 (type=NTSTATUS, size=0x4)
