NtWow64IsProcessorFeaturePresent
	arg 0: 0xa (type=unsigned int, size=0x4)
    succeeded =>
	retval: 0x1 (type=NTSTATUS, size=0x4)
NtQueryVirtualMemory
	arg 0: 0xffffffff (type=HANDLE, size=0x4)
	arg 1: 0x003b1145 (type=void *, size=0x4)
	arg 2: 0x0 (type=int, size=0x4)
	arg 3: 0x0073f600 (type=<struct>*, size=0x4)
	arg 4: 0x1c (type=unsigned int, size=0x4)
	arg 5: 0x0073f5dc (type=unsigned int*, size=0x4)
    succeeded =>
	arg 3: <NYI> (type=<struct>*, size=0x4)
	arg 5: 0x0073f5dc => 0x1c (type=unsigned int*, size=0x4)
	retval: 0x0 (type=NTSTATUS, size=0x4)
NtQueryVirtualMemory
	arg 0: 0xffffffff (type=HANDLE, size=0x4)
	arg 1: 0x003b1145 (type=void *, size=0x4)
	arg 2: 0x3 (type=int, size=0x4)
	arg 3: 0x0073f61c (type=<struct>*, size=0x4)
	arg 4: 0x14 (type=unsigned int, size=0x4)
	arg 5: 0x00000000 (type=unsigned int*, size=0x4)
    succeeded =>
	arg 3: <NYI> (type=<struct>*, size=0x4)
	arg 5: 0x00000000 (type=unsigned int*, size=0x4)
	retval: 0x0 (type=NTSTATUS, size=0x4)
NtQueryVirtualMemory
	arg 0: 0xffffffff (type=HANDLE, size=0x4)
	arg 1: 0x003b1145 (type=void *, size=0x4)
	arg 2: 0x2 (type=int, size=0x4)
	arg 3: 0x0073f654 (type=<struct>*, size=0x4)
	arg 4: 0x212 (type=unsigned int, size=0x4)
	arg 5: 0x00000000 (type=unsigned int*, size=0x4)
    succeeded =>
	arg 3: <NYI> (type=<struct>*, size=0x4)
	arg 5: 0x00000000 (type=unsigned int*, size=0x4)
	retval: 0x0 (type=NTSTATUS, size=0x4)
NtQueryInformationProcess
	arg 0: 0xffffffff (type=HANDLE, size=0x4)
	arg 1: 0x24 (type=int, size=0x4)
	arg 2: 0x0073f628 (type=<struct>*, size=0x4)
	arg 3: 0x4 (type=unsigned int, size=0x4)
	arg 4: 0x00000000 (type=unsigned int*, size=0x4)
    succeeded =>
	arg 2: <NYI> (type=<struct>*, size=0x4)
	arg 4: 0x00000000 (type=unsigned int*, size=0x4)
	retval: 0x0 (type=NTSTATUS, size=0x4)
NtQueryInformationProcess
	arg 0: 0xffffffff (type=HANDLE, size=0x4)
	arg 1: 0x24 (type=int, size=0x4)
	arg 2: 0x0073f628 (type=<struct>*, size=0x4)
	arg 3: 0x4 (type=unsigned int, size=0x4)
	arg 4: 0x00000000 (type=unsigned int*, size=0x4)
    succeeded =>
	arg 2: <NYI> (type=<struct>*, size=0x4)
	arg 4: 0x00000000 (type=unsigned int*, size=0x4)
	retval: 0x0 (type=NTSTATUS, size=0x4)
NtAllocateVirtualMemory
	arg 0: 0xffffffff (type=HANDLE, size=0x4)
	arg 1: 0x0073ed28 => 0x00a47000 (type=void **, size=0x4)
	arg 2: 0x0 (type=unsigned int, size=0x4)
	arg 3: 0x0073ed64 => 0x2000 (type=unsigned int*, size=0x4)
	arg 4: MEM_COMMIT (type=named constant, value=0x1000, size=0x4)
	arg 5: PAGE_READWRITE (type=named constant, value=0x4, size=0x4)
    succeeded =>
	arg 1: 0x0073ed28 => 0x00a47000 (type=void **, size=0x4)
	arg 3: 0x0073ed64 => 0x2000 (type=unsigned int*, size=0x4)
	retval: 0x0 (type=NTSTATUS, size=0x4)
NtQueryInformationProcess
	arg 0: 0xffffffff (type=HANDLE, size=0x4)
	arg 1: 0x22 (type=int, size=0x4)
	arg 2: 0x0073ea0c (type=<struct>*, size=0x4)
	arg 3: 0x4 (type=unsigned int, size=0x4)
	arg 4: 0x00000000 (type=unsigned int*, size=0x4)
    succeeded =>
	arg 2: <NYI> (type=<struct>*, size=0x4)
	arg 4: 0x00000000 (type=unsigned int*, size=0x4)
	retval: 0x0 (type=NTSTATUS, size=0x4)
NtQueryVirtualMemory
	arg 0: 0xffffffff (type=HANDLE, size=0x4)
	arg 1: 0x003b3940 (type=void *, size=0x4)
	arg 2: 0x0 (type=int, size=0x4)
	arg 3: 0x0073e954 (type=<struct>*, size=0x4)
	arg 4: 0x1c (type=unsigned int, size=0x4)
	arg 5: 0x00000000 (type=unsigned int*, size=0x4)
    succeeded =>
	arg 3: <NYI> (type=<struct>*, size=0x4)
	arg 5: 0x00000000 (type=unsigned int*, size=0x4)
	retval: 0x0 (type=NTSTATUS, size=0x4)
NtQueryInformationProcess
	arg 0: 0xffffffff (type=HANDLE, size=0x4)
	arg 1: 0x24 (type=int, size=0x4)
	arg 2: 0x0073e928 (type=<struct>*, size=0x4)
	arg 3: 0x4 (type=unsigned int, size=0x4)
	arg 4: 0x00000000 (type=unsigned int*, size=0x4)
    succeeded =>
	arg 2: <NYI> (type=<struct>*, size=0x4)
	arg 4: 0x00000000 (type=unsigned int*, size=0x4)
	retval: 0x0 (type=NTSTATUS, size=0x4)
NtQueryInformationProcess
	arg 0: 0xffffffff (type=HANDLE, size=0x4)
	arg 1: 0x7 (type=int, size=0x4)
	arg 2: 0x0073e890 (type=<struct>*, size=0x4)
	arg 3: 0x4 (type=unsigned int, size=0x4)
	arg 4: 0x00000000 (type=unsigned int*, size=0x4)
    succeeded =>
	arg 2: <NYI> (type=<struct>*, size=0x4)
	arg 4: 0x00000000 (type=unsigned int*, size=0x4)
	retval: 0x0 (type=NTSTATUS, size=0x4)
NtQueryInformationProcess
	arg 0: 0xffffffff (type=HANDLE, size=0x4)
	arg 1: 0x24 (type=int, size=0x4)
	arg 2: 0x0073e88c (type=<struct>*, size=0x4)
	arg 3: 0x4 (type=unsigned int, size=0x4)
	arg 4: 0x00000000 (type=unsigned int*, size=0x4)
    succeeded =>
	arg 2: <NYI> (type=<struct>*, size=0x4)
	arg 4: 0x00000000 (type=unsigned int*, size=0x4)
	retval: 0x0 (type=NTSTATUS, size=0x4)
NtQueryVirtualMemory
	arg 0: 0xffffffff (type=HANDLE, size=0x4)
	arg 1: 0x003b1145 (type=void *, size=0x4)
	arg 2: 0x0 (type=int, size=0x4)
	arg 3: 0x0073e864 (type=<struct>*, size=0x4)
	arg 4: 0x1c (type=unsigned int, size=0x4)
	arg 5: 0x0073e840 (type=unsigned int*, size=0x4)
    succeeded =>
	arg 3: <NYI> (type=<struct>*, size=0x4)
	arg 5: 0x0073e840 => 0x1c (type=unsigned int*, size=0x4)
	retval: 0x0 (type=NTSTATUS, size=0x4)
NtQueryVirtualMemory
	arg 0: 0xffffffff (type=HANDLE, size=0x4)
	arg 1: 0x003b1145 (type=void *, size=0x4)
	arg 2: 0x3 (type=int, size=0x4)
	arg 3: 0x0073e880 (type=<struct>*, size=0x4)
	arg 4: 0x14 (type=unsigned int, size=0x4)
	arg 5: 0x00000000 (type=unsigned int*, size=0x4)
    succeeded =>
	arg 3: <NYI> (type=<struct>*, size=0x4)
	arg 5: 0x00000000 (type=unsigned int*, size=0x4)
	retval: 0x0 (type=NTSTATUS, size=0x4)
NtQueryVirtualMemory
	arg 0: 0xffffffff (type=HANDLE, size=0x4)
	arg 1: 0x003b1145 (type=void *, size=0x4)
	arg 2: 0x2 (type=int, size=0x4)
	arg 3: 0x00a4562c (type=<struct>*, size=0x4)
	arg 4: 0x212 (type=unsigned int, size=0x4)
	arg 5: 0x00000000 (type=unsigned int*, size=0x4)
    succeeded =>
	arg 3: <NYI> (type=<struct>*, size=0x4)
	arg 5: 0x00000000 (type=unsigned int*, size=0x4)
	retval: 0x0 (type=NTSTATUS, size=0x4)
NtQueryInformationProcess
	arg 0: 0xffffffff (type=HANDLE, size=0x4)
	arg 1: 0x7 (type=int, size=0x4)
	arg 2: 0x0073e890 (type=<struct>*, size=0x4)
	arg 3: 0x4 (type=unsigned int, size=0x4)
	arg 4: 0x00000000 (type=unsigned int*, size=0x4)
    succeeded =>
	arg 2: <NYI> (type=<struct>*, size=0x4)
	arg 4: 0x00000000 (type=unsigned int*, size=0x4)
	retval: 0x0 (type=NTSTATUS, size=0x4)
NtSetInformationProcess
	arg 0: 0xffffffff (type=HANDLE, size=0x4)
	arg 1: 0x3f (type=int, size=0x4)
	arg 2: 0x0073e8ac (type=<struct>*, size=0x4)
	arg 3: 0x8 (type=unsigned int, size=0x4)
    succeeded =>
	retval: 0x0 (type=NTSTATUS, size=0x4)
NtQueryInformationProcess
	arg 0: 0xffffffff (type=HANDLE, size=0x4)
	arg 1: 0xc (type=int, size=0x4)
	arg 2: 0x0073e890 (type=<struct>*, size=0x4)
	arg 3: 0x4 (type=unsigned int, size=0x4)
	arg 4: 0x00000000 (type=unsigned int*, size=0x4)
    succeeded =>
	arg 2: <NYI> (type=<struct>*, size=0x4)
	arg 4: 0x00000000 (type=unsigned int*, size=0x4)
	retval: 0x0 (type=NTSTATUS, size=0x4)
NtQueryInformationJobObject
	arg 0: 0x0 (type=HANDLE, size=0x4)
	arg 1: 0x2 (type=int, size=0x4)
	arg 2: 0x0073e8d0 (type=<struct>*, size=0x4)
	arg 3: 0x30 (type=unsigned int, size=0x4)
	arg 4: 0x00000000 (type=unsigned int*, size=0x4)
    succeeded =>
	arg 2: <NYI> (type=<struct>*, size=0x4)
	arg 4: 0x00000000 (type=unsigned int*, size=0x4)
	retval: 0x0 (type=NTSTATUS, size=0x4)
NtSetSystemInformation
	arg 0: 0xb1 (type=int, size=0x4)
	arg 1: <null> (type=<struct>*, size=0x4)
	arg 2: 0x0 (type=unsigned int, size=0x4)
    failed (error=0xc0000003) =>
	retval: 0xc0000003 (type=NTSTATUS, size=0x4)
NtCreateEvent
	arg 0: 0x0073e778 (type=HANDLE*, size=0x4)
	arg 1: 0x1f0003 (type=unsigned int, size=0x4)
	arg 2: len=0x18, root=0x0, name=<null>, att=0x2, sd=0x00000000, sqos=0x00000000 (type=OBJECT_ATTRIBUTES*, size=0x4)
	arg 3: 0x0 (type=int, size=0x4)
	arg 4: 0x0 (type=bool, size=0x1)
    succeeded =>
	arg 0: 0x0073e778 => 0xf8 (type=HANDLE*, size=0x4)
	retval: 0x0 (type=NTSTATUS, size=0x4)
NtCreateEvent
	arg 0: 0x0073e778 (type=HANDLE*, size=0x4)
	arg 1: 0x1f0003 (type=unsigned int, size=0x4)
	arg 2: len=0x18, root=0x0, name=<null>, att=0x2, sd=0x00000000, sqos=0x00000000 (type=OBJECT_ATTRIBUTES*, size=0x4)
	arg 3: 0x0 (type=int, size=0x4)
	arg 4: 0x0 (type=bool, size=0x1)
    succeeded =>
	arg 0: 0x0073e778 => 0x14c (type=HANDLE*, size=0x4)
	retval: 0x0 (type=NTSTATUS, size=0x4)
NtCreateSection
	arg 0: 0x0073e774 (type=HANDLE*, size=0x4)
	arg 1: 0xf0007 (type=unsigned int, size=0x4)
	arg 2: len=0x18, root=0x0, name=<null>, att=0x2, sd=0x00000000, sqos=0x00000000 (type=OBJECT_ATTRIBUTES*, size=0x4)
	arg 3: 0xf0 (type=LARGE_INTEGER*, size=0x4)
	arg 4: PAGE_READWRITE (type=named constant, value=0x4, size=0x4)
	arg 5: SEC_COMMIT (type=named constant, value=0x8000000, size=0x4)
	arg 6: 0x0 (type=HANDLE, size=0x4)
    succeeded =>
	arg 0: 0x0073e774 => 0x148 (type=HANDLE*, size=0x4)
	retval: 0x0 (type=NTSTATUS, size=0x4)
NtMapViewOfSection
	arg 0: 0x148 (type=HANDLE, size=0x4)
	arg 1: 0xffffffff (type=HANDLE, size=0x4)
	arg 2: 0x0073e7b4 => 0x00000000 (type=void **, size=0x4)
	arg 3: 0x0 (type=unsigned int, size=0x4)
	arg 4: 0x0 (type=unsigned int, size=0x4)
	arg 5: 0x0 (type=LARGE_INTEGER*, size=0x4)
	arg 6: 0x0073e7b0 => 0x0 (type=unsigned int*, size=0x4)
	arg 7: 0x1 (type=int, size=0x4)
	arg 8: 0x0 (type=named constant, size=0x4)
	arg 9: PAGE_READWRITE (type=named constant, value=0x4, size=0x4)
    succeeded =>
	arg 2: 0x0073e7b4 => 0x00770000 (type=void **, size=0x4)
	arg 5: 0x0 (type=LARGE_INTEGER*, size=0x4)
	arg 6: 0x0073e7b0 => 0x1000 (type=unsigned int*, size=0x4)
	retval: 0x0 (type=NTSTATUS, size=0x4)
NtDuplicateObject
	arg 0: 0xffffffff (type=HANDLE, size=0x4)
	arg 1: 0xffffffff (type=HANDLE, size=0x4)
	arg 2: 0xffffffff (type=HANDLE, size=0x4)
	arg 3: 0x0073e810 (type=HANDLE*, size=0x4)
	arg 4: 0x1fffff (type=unsigned int, size=0x4)
	arg 5: OBJ_INHERIT (type=named constant, value=0x2, size=0x4)
	arg 6: 0x0 (type=named constant, size=0x4)
    succeeded =>
	arg 3: 0x0073e810 => 0x144 (type=HANDLE*, size=0x4)
	retval: 0x0 (type=NTSTATUS, size=0x4)
NtDuplicateObject
	arg 0: 0xffffffff (type=HANDLE, size=0x4)
	arg 1: 0xfffffffe (type=HANDLE, size=0x4)
	arg 2: 0xffffffff (type=HANDLE, size=0x4)
	arg 3: 0x0073e814 (type=HANDLE*, size=0x4)
	arg 4: 0x1fffff (type=unsigned int, size=0x4)
	arg 5: OBJ_INHERIT (type=named constant, value=0x2, size=0x4)
	arg 6: 0x0 (type=named constant, size=0x4)
    succeeded =>
	arg 3: 0x0073e814 => 0x140 (type=HANDLE*, size=0x4)
	retval: 0x0 (type=NTSTATUS, size=0x4)
NtQueryWnfStateNameInformation (details not all known)
	arg 0: <NYI> (type=<unknown>*, size=0x4)
	arg 1: <NYI> (type=<unknown>*, size=0x4)
	arg 2: <null> (type=<unknown>*, size=0x4)
	arg 3: <NYI> (type=<unknown>*, size=0x4)
	arg 4: <NYI> (type=<unknown>*, size=0x4)
    succeeded =>
	retval: 0x0 (type=NTSTATUS, size=0x4)
NtUpdateWnfStateData
	arg 0: <NYI> (type=<struct>*, size=0x4)
	arg 1: <null> (type=<struct>*, size=0x4)
	arg 2: 0x0 (type=unsigned int, size=0x4)
	arg 3: <null> (type=<struct>*, size=0x4)
	arg 4: 0x00000000 (type=void, size=0x4)
	arg 5: 0x0 (type=unsigned int, size=0x4)
	arg 6: 0x0 (type=unsigned int, size=0x4)
    succeeded =>
	retval: 0x0 (type=NTSTATUS, size=0x4)
NtTraceEvent
	arg 0: 0x773efbbc (type=unsigned int, size=0x4)
	arg 1: 0x700 (type=unsigned int, size=0x4)
	arg 2: 0x78 (type=unsigned int, size=0x4)
	arg 3: 0x0073db58 (type=<struct>*, size=0x4)
    succeeded =>
	arg 3: <NYI> (type=<struct>*, size=0x4)
	retval: 0x0 (type=NTSTATUS, size=0x4)
NtQuerySystemInformation
	arg 0: 0x73 (type=int, size=0x4)
	arg 1: 0x0073dc48 (type=<struct>*, size=0x4)
	arg 2: 0x8 (type=unsigned int, size=0x4)
	arg 3: 0x00000000 (type=unsigned int*, size=0x4)
    succeeded =>
	arg 1: <NYI> (type=<struct>*, size=0x4)
	arg 3: 0x00000000 (type=unsigned int*, size=0x4)
	retval: 0x0 (type=NTSTATUS, size=0x4)
NtOpenEvent
	arg 0: 0x0073dc14 (type=HANDLE*, size=0x4)
	arg 1: 0x100001 (type=unsigned int, size=0x4)
	arg 2: len=0x18, root=0x0, name=70/72 "\KernelObjects\SystemErrorPortReady", att=0x0, sd=0x00000000, sqos=0x00000000 (type=OBJECT_ATTRIBUTES*, size=0x4)
    succeeded =>
	arg 0: 0x0073dc14 => 0x13c (type=HANDLE*, size=0x4)
	retval: 0x0 (type=NTSTATUS, size=0x4)
NtWaitForSingleObject
	arg 0: 0x13c (type=HANDLE, size=0x4)
	arg 1: 0x0 (type=bool, size=0x1)
	arg 2: 0xfffffffff70f2e80 (type=LARGE_INTEGER*, size=0x4)
    succeeded =>
	retval: 0x0 (type=NTSTATUS, size=0x4)
NtClose
	arg 0: 0x13c (type=HANDLE, size=0x4)
    succeeded =>
	retval: 0x0 (type=NTSTATUS, size=0x4)
NtAllocateVirtualMemory
	arg 0: 0xffffffff (type=HANDLE, size=0x4)
	arg 1: 0x0073dbd8 => 0x00000000 (type=void **, size=0x4)
	arg 2: 0x0 (type=unsigned int, size=0x4)
	arg 3: 0x0073dbd4 => 0xc (type=unsigned int*, size=0x4)
	arg 4: MEM_COMMIT (type=named constant, value=0x1000, size=0x4)
	arg 5: PAGE_READWRITE (type=named constant, value=0x4, size=0x4)
    succeeded =>
	arg 1: 0x0073dbd8 => 0x00a20000 (type=void **, size=0x4)
	arg 3: 0x0073dbd4 => 0x1000 (type=unsigned int*, size=0x4)
	retval: 0x0 (type=NTSTATUS, size=0x4)
NtAlpcConnectPort
	arg 0: 0x0073dc70 (type=HANDLE*, size=0x4)
	arg 1: 66/68 "\WindowsErrorReportingServicePort" (type=UNICODE_STRING*, size=0x4)
	arg 2: len=0x18, root=0x0, name=<null>, att=0x0, sd=0x00000000, sqos=0x00000000 (type=OBJECT_ATTRIBUTES*, size=0x4)
	arg 3: <NYI> (type=ALPC_PORT_ATTRIBUTES*, size=0x4)
	arg 4: ALPC_SYNC_CONNECTION (type=named constant, value=0x20000, size=0x4)
	arg 5: <NYI> (type=<struct>*, size=0x4)
	arg 6: <null> (type=PORT_MESSAGE*, size=0x4)
	arg 7: 0x00000000 (type=unsigned int*, size=0x4)
	arg 8: <null> (type=<struct>*, size=0x4)
	arg 9: <null> (type=<struct>*, size=0x4)
	arg 10: 0xfffffffffa0a1f00 (type=LARGE_INTEGER*, size=0x4)
    succeeded =>
	arg 0: 0x0073dc70 => 0x13c (type=HANDLE*, size=0x4)
	arg 6: <null> (type=PORT_MESSAGE*, size=0x4)
	arg 7: 0x00000000 (type=unsigned int*, size=0x4)
	arg 8: <null> (type=<struct>*, size=0x4)
	arg 9: <null> (type=<struct>*, size=0x4)
	retval: 0x0 (type=NTSTATUS, size=0x4)
NtAlpcSendWaitReceivePort (details not all known)
	arg 0: 0x13c (type=HANDLE, size=0x4)
	arg 1: 0x20000 (type=unsigned int, size=0x4)
	arg 2: 0x0073e228 (type=<struct>*, size=0x4)
	arg 3: <null> (type=ALPC_MESSAGE_ATTRIBUTES*, size=0x4)
	arg 4: 0x0073dcc0 (type=PORT_MESSAGE*, size=0x4)
	arg 5: 0x0073dc64 => 0x568 (type=unsigned int*, size=0x4)
	arg 6: <null> (type=ALPC_MESSAGE_ATTRIBUTES*, size=0x4)
	arg 7: 0xfffffffffa0a1f00 (type=LARGE_INTEGER*, size=0x4)
    succeeded =>
	arg 3: <null> (type=ALPC_MESSAGE_ATTRIBUTES*, size=0x4)
	arg 4: <NYI> (type=PORT_MESSAGE*, size=0x4)
	arg 5: 0x0073dc64 => 0x568 (type=unsigned int*, size=0x4)
	arg 6: <null> (type=ALPC_MESSAGE_ATTRIBUTES*, size=0x4)
	retval: 0x0 (type=NTSTATUS, size=0x4)
NtFreeVirtualMemory
	arg 0: 0xffffffff (type=HANDLE, size=0x4)
	arg 1: 0x0073dc10 => 0x00a20000 (type=void **, size=0x4)
	arg 2: 0x0073dc14 => 0xc (type=unsigned int*, size=0x4)
	arg 3: MEM_RELEASE (type=named constant, value=0x8000, size=0x4)
    succeeded =>
	arg 1: 0x0073dc10 => 0x00a20000 (type=void **, size=0x4)
	arg 2: 0x0073dc14 => 0x1000 (type=unsigned int*, size=0x4)
	retval: 0x0 (type=NTSTATUS, size=0x4)
NtClose
	arg 0: 0x13c (type=HANDLE, size=0x4)
    succeeded =>
	retval: 0x0 (type=NTSTATUS, size=0x4)
NtWaitForMultipleObjects
	arg 0: 0x3 (type=unsigned int, size=0x4)
	arg 1: 0x0073e840 => 0x15c (type=HANDLE*, size=0x4)
	arg 2: 0x1 (type=int, size=0x4)
	arg 3: 0x0 (type=bool, size=0x1)
	arg 4: <null> (type=LARGE_INTEGER*, size=0x4)
    succeeded =>
	retval: 0x0 (type=NTSTATUS, size=0x4)
NtClose
	arg 0: 0x140 (type=HANDLE, size=0x4)
    succeeded =>
	retval: 0x0 (type=NTSTATUS, size=0x4)
NtClose
	arg 0: 0x144 (type=HANDLE, size=0x4)
    succeeded =>
	retval: 0x0 (type=NTSTATUS, size=0x4)
NtClose
	arg 0: 0x14c (type=HANDLE, size=0x4)
    succeeded =>
	retval: 0x0 (type=NTSTATUS, size=0x4)
NtClose
	arg 0: 0xf8 (type=HANDLE, size=0x4)
    succeeded =>
	retval: 0x0 (type=NTSTATUS, size=0x4)
NtUnmapViewOfSectionEx (details not all known)
	arg 0: 0xffffffff (type=HANDLE, size=0x4)
	arg 1: <NYI> (type=<unknown>, size=0x4)
	arg 2: <null> (type=<unknown>*, size=0x4)
    succeeded =>
	retval: 0x0 (type=NTSTATUS, size=0x4)
NtClose
	arg 0: 0x148 (type=HANDLE, size=0x4)
    succeeded =>
	retval: 0x0 (type=NTSTATUS, size=0x4)
NtClose
	arg 0: 0x15c (type=HANDLE, size=0x4)
    succeeded =>
	retval: 0x0 (type=NTSTATUS, size=0x4)
NtQueryInformationProcess
	arg 0: 0xffffffff (type=HANDLE, size=0x4)
	arg 1: 0x22 (type=int, size=0x4)
	arg 2: 0x0073e51c (type=<struct>*, size=0x4)
	arg 3: 0x4 (type=unsigned int, size=0x4)
	arg 4: 0x00000000 (type=unsigned int*, size=0x4)
    succeeded =>
	arg 2: <NYI> (type=<struct>*, size=0x4)
	arg 4: 0x00000000 (type=unsigned int*, size=0x4)
	retval: 0x0 (type=NTSTATUS, size=0x4)
NtQueryVirtualMemory
	arg 0: 0xffffffff (type=HANDLE, size=0x4)
	arg 1: 0x003b3940 (type=void *, size=0x4)
	arg 2: 0x0 (type=int, size=0x4)
	arg 3: 0x0073e4e4 (type=<struct>*, size=0x4)
	arg 4: 0x1c (type=unsigned int, size=0x4)
	arg 5: 0x00000000 (type=unsigned int*, size=0x4)
    succeeded =>
	arg 3: <NYI> (type=<struct>*, size=0x4)
	arg 5: 0x00000000 (type=unsigned int*, size=0x4)
	retval: 0x0 (type=NTSTATUS, size=0x4)
NtContinue
	arg 0: <NYI> (type=CONTEXT*, size=0x4)
	arg 1: 0x0 (type=bool, size=0x1)
NtTerminateProcess
	arg 0: 0xffffffff (type=HANDLE, size=0x4)
	arg 1: 0xc0000005 (type=NTSTATUS, size=0x4)
