NtWow64IsProcessorFeaturePresent
	arg 0: 0xa (type=unsigned int, size=0x4)
    succeeded =>
	retval: 0x1 (type=NTSTATUS, size=0x4)
NtAllocateVirtualMemory
	arg 0: 0xffffffff (type=HANDLE, size=0x4)
	arg 1: 0x0058f8d8 => 0x00627000 (type=void **, size=0x4)
	arg 2: 0x0 (type=unsigned int, size=0x4)
	arg 3: 0x0058f914 => 0x2000 (type=unsigned int*, size=0x4)
	arg 4: MEM_COMMIT (type=named constant, value=0x1000, size=0x4)
	arg 5: PAGE_READWRITE (type=named constant, value=0x4, size=0x4)
    succeeded =>
	arg 1: 0x0058f8d8 => 0x00627000 (type=void **, size=0x4)
	arg 3: 0x0058f914 => 0x2000 (type=unsigned int*, size=0x4)
	retval: 0x0 (type=NTSTATUS, size=0x4)
NtQueryVirtualMemory
	arg 0: 0xffffffff (type=HANDLE, size=0x4)
	arg 1: 0x00f0114a (type=void *, size=0x4)
	arg 2: 0x0 (type=int, size=0x4)
	arg 3: 0x0058f920 (type=<struct>*, size=0x4)
	arg 4: 0x1c (type=unsigned int, size=0x4)
	arg 5: 0x0058f8fc (type=unsigned int*, size=0x4)
    succeeded =>
	arg 3: <NYI> (type=<struct>*, size=0x4)
	arg 5: 0x0058f8fc => 0x1c (type=unsigned int*, size=0x4)
	retval: 0x0 (type=NTSTATUS, size=0x4)
NtQueryVirtualMemory
	arg 0: 0xffffffff (type=HANDLE, size=0x4)
	arg 1: 0x00f0114a (type=void *, size=0x4)
	arg 2: 0x3 (type=int, size=0x4)
	arg 3: 0x0058f93c (type=<struct>*, size=0x4)
	arg 4: 0x14 (type=unsigned int, size=0x4)
	arg 5: 0x00000000 (type=unsigned int*, size=0x4)
    succeeded =>
	arg 3: <NYI> (type=<struct>*, size=0x4)
	arg 5: 0x00000000 (type=unsigned int*, size=0x4)
	retval: 0x0 (type=NTSTATUS, size=0x4)
NtQueryVirtualMemory
	arg 0: 0xffffffff (type=HANDLE, size=0x4)
	arg 1: 0x00f0114a (type=void *, size=0x4)
	arg 2: 0x2 (type=int, size=0x4)
	arg 3: 0x0058f974 (type=<struct>*, size=0x4)
	arg 4: 0x212 (type=unsigned int, size=0x4)
	arg 5: 0x00000000 (type=unsigned int*, size=0x4)
    succeeded =>
	arg 3: <NYI> (type=<struct>*, size=0x4)
	arg 5: 0x00000000 (type=unsigned int*, size=0x4)
	retval: 0x0 (type=NTSTATUS, size=0x4)
NtQueryInformationProcess
	arg 0: 0xffffffff (type=HANDLE, size=0x4)
	arg 1: 0x24 (type=int, size=0x4)
	arg 2: 0x0058f948 (type=<struct>*, size=0x4)
	arg 3: 0x4 (type=unsigned int, size=0x4)
	arg 4: 0x00000000 (type=unsigned int*, size=0x4)
    succeeded =>
	arg 2: <NYI> (type=<struct>*, size=0x4)
	arg 4: 0x00000000 (type=unsigned int*, size=0x4)
	retval: 0x0 (type=NTSTATUS, size=0x4)
NtQueryInformationProcess
	arg 0: 0xffffffff (type=HANDLE, size=0x4)
	arg 1: 0x24 (type=int, size=0x4)
	arg 2: 0x0058f948 (type=<struct>*, size=0x4)
	arg 3: 0x4 (type=unsigned int, size=0x4)
	arg 4: 0x00000000 (type=unsigned int*, size=0x4)
    succeeded =>
	arg 2: <NYI> (type=<struct>*, size=0x4)
	arg 4: 0x00000000 (type=unsigned int*, size=0x4)
	retval: 0x0 (type=NTSTATUS, size=0x4)
NtWriteFile
	arg 0: 0x5c (type=HANDLE, size=0x4)
	arg 1: 0x0 (type=HANDLE, size=0x4)
	arg 2: <null> (type=<function>, size=0x4)
	arg 3: 0x00000000 (type=void, size=0x4)
	arg 4: 0x0058dcf8 (type=IO_STATUS_BLOCK*, size=0x4)
	arg 5: 0x0058dd60 => 0x6f206f6e (type=void*, size=0x4)
	arg 6: 0x1e (type=unsigned int, size=0x4)
	arg 7: <null> (type=LARGE_INTEGER*, size=0x4)
	arg 8: 0x00000000 (type=unsigned int*, size=0x4)
    succeeded =>
	arg 4: status=0x0, info=0x1e (type=IO_STATUS_BLOCK*, size=0x4)
	retval: 0x0 (type=NTSTATUS, size=0x4)
NtWriteFile
	arg 0: 0x5c (type=HANDLE, size=0x4)
	arg 1: 0x0 (type=HANDLE, size=0x4)
	arg 2: <null> (type=<function>, size=0x4)
	arg 3: 0x00000000 (type=void, size=0x4)
	arg 4: 0x0058dcf4 (type=IO_STATUS_BLOCK*, size=0x4)
	arg 5: 0x0058dd5c => 0x74200a0d (type=void*, size=0x4)
	arg 6: 0x19 (type=unsigned int, size=0x4)
	arg 7: <null> (type=LARGE_INTEGER*, size=0x4)
	arg 8: 0x00000000 (type=unsigned int*, size=0x4)
    succeeded =>
	arg 4: status=0x0, info=0x19 (type=IO_STATUS_BLOCK*, size=0x4)
	retval: 0x0 (type=NTSTATUS, size=0x4)
NtAllocateVirtualMemory
	arg 0: 0xffffffff (type=HANDLE, size=0x4)
	arg 1: 0x0058f5f0 => 0x00629000 (type=void **, size=0x4)
	arg 2: 0x0 (type=unsigned int, size=0x4)
	arg 3: 0x0058f62c => 0x2000 (type=unsigned int*, size=0x4)
	arg 4: MEM_COMMIT (type=named constant, value=0x1000, size=0x4)
	arg 5: PAGE_READWRITE (type=named constant, value=0x4, size=0x4)
    succeeded =>
	arg 1: 0x0058f5f0 => 0x00629000 (type=void **, size=0x4)
	arg 3: 0x0058f62c => 0x2000 (type=unsigned int*, size=0x4)
	retval: 0x0 (type=NTSTATUS, size=0x4)
NtDeviceIoControlFile (details not all known)
	arg 0: 0x90 (type=HANDLE, size=0x4)
	arg 1: 0x0 (type=HANDLE, size=0x4)
	arg 2: <null> (type=<function>, size=0x4)
	arg 3: <null> (type=<unknown>, size=0x4)
	arg 4: 0x0058f6e8 (type=IO_STATUS_BLOCK*, size=0x4)
	arg 5: 0x500016 (type=unsigned int, size=0x4)
	arg 6: <NYI> (type=<unknown>*, size=0x4)
	arg 7: 0x30 (type=unsigned int, size=0x4)
	arg 8: <null> (type=<struct>*, size=0x4)
	arg 9: 0x0 (type=unsigned int, size=0x4)
    succeeded =>
	arg 4: status=0x0, info=0x0 (type=IO_STATUS_BLOCK*, size=0x4)
	arg 8: <null> (type=<struct>*, size=0x4)
	retval: 0x0 (type=NTSTATUS, size=0x4)
NtReadFile
	arg 0: 0x58 (type=HANDLE, size=0x4)
	arg 1: 0x0 (type=HANDLE, size=0x4)
	arg 2: <null> (type=<function>, size=0x4)
	arg 3: 0x00000000 (type=void, size=0x4)
	arg 4: 0x0058f7f0 (type=IO_STATUS_BLOCK*, size=0x4)
	arg 5: 0x00628ff8 (type=void*, size=0x4)
	arg 6: 0x1000 (type=unsigned int, size=0x4)
	arg 7: <null> (type=LARGE_INTEGER*, size=0x4)
	arg 8: 0x00000000 (type=unsigned int*, size=0x4)
NtDeviceIoControlFile (details not all known)
	arg 0: 0x90 (type=HANDLE, size=0x4)
	arg 1: 0x0 (type=HANDLE, size=0x4)
	arg 2: <null> (type=<function>, size=0x4)
	arg 3: <null> (type=<unknown>, size=0x4)
	arg 4: 0x00dff148 (type=IO_STATUS_BLOCK*, size=0x4)
	arg 5: 0x500016 (type=unsigned int, size=0x4)
	arg 6: <NYI> (type=<unknown>*, size=0x4)
	arg 7: 0x30 (type=unsigned int, size=0x4)
	arg 8: <null> (type=<struct>*, size=0x4)
	arg 9: 0x0 (type=unsigned int, size=0x4)
    failed (error=0xc0070032) =>
	arg 4: status=0x2, info=0x52dbfb3a (type=IO_STATUS_BLOCK*, size=0x4)
	arg 8: <null> (type=<struct>*, size=0x4)
	retval: 0xc0070032 (type=NTSTATUS, size=0x4)
NtSetEvent
	arg 0: 0x84 (type=HANDLE, size=0x4)
	arg 1: 0x00000000 (type=unsigned int*, size=0x4)
    succeeded =>
	arg 1: 0x00000000 (type=unsigned int*, size=0x4)
	retval: 0x0 (type=NTSTATUS, size=0x4)
NtTestAlert
    succeeded =>
	retval: 0x0 (type=NTSTATUS, size=0x4)
NtContinue
	arg 0: <NYI> (type=CONTEXT*, size=0x4)
	arg 1: 0x1 (type=bool, size=0x1)
