  cassign5prob10.c
c:\users\cdac\source\repos\shivanikaripe\cdac-ncr-work\cassignments\c_assignment_5\cassign5prob10\cassign5prob10\cassign5prob10.c(65): warning C4013: 'exit' undefined; assuming extern returning int
c:\users\cdac\source\repos\shivanikaripe\cdac-ncr-work\cassignments\c_assignment_5\cassign5prob10\cassign5prob10\cassign5prob10.c(37): warning C4473: 'fscanf_s' : not enough arguments passed for format string
  c:\users\cdac\source\repos\shivanikaripe\cdac-ncr-work\cassignments\c_assignment_5\cassign5prob10\cassign5prob10\cassign5prob10.c(37): note: placeholders and their parameters expect 2 variadic arguments, but 1 were provided
  c:\users\cdac\source\repos\shivanikaripe\cdac-ncr-work\cassignments\c_assignment_5\cassign5prob10\cassign5prob10\cassign5prob10.c(37): note: the missing variadic argument 2 is required by format string '%s'
  c:\users\cdac\source\repos\shivanikaripe\cdac-ncr-work\cassignments\c_assignment_5\cassign5prob10\cassign5prob10\cassign5prob10.c(37): note: this argument is used as a buffer size
c:\users\cdac\source\repos\shivanikaripe\cdac-ncr-work\cassignments\c_assignment_5\cassign5prob10\cassign5prob10\cassign5prob10.c(40): warning C4473: 'fscanf_s' : not enough arguments passed for format string
  c:\users\cdac\source\repos\shivanikaripe\cdac-ncr-work\cassignments\c_assignment_5\cassign5prob10\cassign5prob10\cassign5prob10.c(40): note: placeholders and their parameters expect 2 variadic arguments, but 1 were provided
  c:\users\cdac\source\repos\shivanikaripe\cdac-ncr-work\cassignments\c_assignment_5\cassign5prob10\cassign5prob10\cassign5prob10.c(40): note: the missing variadic argument 2 is required by format string '%s'
  c:\users\cdac\source\repos\shivanikaripe\cdac-ncr-work\cassignments\c_assignment_5\cassign5prob10\cassign5prob10\cassign5prob10.c(40): note: this argument is used as a buffer size
c:\users\cdac\source\repos\shivanikaripe\cdac-ncr-work\cassignments\c_assignment_5\cassign5prob10\cassign5prob10\cassign5prob10.c(53): warning C4473: 'fscanf_s' : not enough arguments passed for format string
  c:\users\cdac\source\repos\shivanikaripe\cdac-ncr-work\cassignments\c_assignment_5\cassign5prob10\cassign5prob10\cassign5prob10.c(53): note: placeholders and their parameters expect 2 variadic arguments, but 1 were provided
  c:\users\cdac\source\repos\shivanikaripe\cdac-ncr-work\cassignments\c_assignment_5\cassign5prob10\cassign5prob10\cassign5prob10.c(53): note: the missing variadic argument 2 is required by format string '%s'
  c:\users\cdac\source\repos\shivanikaripe\cdac-ncr-work\cassignments\c_assignment_5\cassign5prob10\cassign5prob10\cassign5prob10.c(53): note: this argument is used as a buffer size
c:\users\cdac\source\repos\shivanikaripe\cdac-ncr-work\cassignments\c_assignment_5\cassign5prob10\cassign5prob10\cassign5prob10.c(54): warning C4473: 'fscanf_s' : not enough arguments passed for format string
  c:\users\cdac\source\repos\shivanikaripe\cdac-ncr-work\cassignments\c_assignment_5\cassign5prob10\cassign5prob10\cassign5prob10.c(54): note: placeholders and their parameters expect 2 variadic arguments, but 1 were provided
  c:\users\cdac\source\repos\shivanikaripe\cdac-ncr-work\cassignments\c_assignment_5\cassign5prob10\cassign5prob10\cassign5prob10.c(54): note: the missing variadic argument 2 is required by format string '%s'
  c:\users\cdac\source\repos\shivanikaripe\cdac-ncr-work\cassignments\c_assignment_5\cassign5prob10\cassign5prob10\cassign5prob10.c(54): note: this argument is used as a buffer size
  cassign5prob10.vcxproj -> C:\Users\cdac\Source\Repos\ShivaniKaripe\cdac-ncr-work\cassignments\c_assignment_5\cassign5prob10\Debug\cassign5prob10.exe
  cassign5prob10.vcxproj -> C:\Users\cdac\Source\Repos\ShivaniKaripe\cdac-ncr-work\cassignments\c_assignment_5\cassign5prob10\Debug\cassign5prob10.pdb (Partial PDB)
